






[ 7683.484447] init: Received sys.powerctl='reboot,shell' from pid: 10645 (reboot)
[ 7683.484563] init: Clear action queue and start shutdown trigger
[ 7683.484669] init: processing action (shutdown_done) from (<Builtin Action>:0)
[ 7683.484692] init: Reboot start, reason: reboot,shell, rebootTarget: shell
[ 7683.497091] init: Shutdown timeout: 6000 ms
[ 7683.497219] init: starting service 'blank_screen'...
[ 7683.499249] init: terminating init services
[ 7683.499364] init: Sending signal 15 to service 'mdnsd' (pid 254) process group...
[ 7683.499569] init: Sending signal 15 to service 'gatekeeperd' (pid 191) process group...
[ 7683.499706] init: Sending signal 15 to service 'media.swcodec' (pid 190) process group...
[ 7683.508807] init: Sending signal 15 to service 'vendor.ril-daemon' (pid 189) process group...
[ 7683.509054] init: Sending signal 15 to service 'vendor.media.omx' (pid 186) process group...
[ 7683.509452] init: Sending signal 15 to service 'wificond' (pid 185) process group...
[ 7683.509602] init: Sending signal 15 to service 'storaged' (pid 184) process group...
[ 7683.509858] init: Sending signal 15 to service 'statsd' (pid 183) process group...
[ 7683.515814] init: Sending signal 15 to service 'media' (pid 181) process group...
[ 7683.516045] init: Sending signal 15 to service 'mediametrics' (pid 180) process group...
[ 7683.516174] init: Sending signal 15 to service 'mediaextractor' (pid 179) process group...
[ 7683.516300] init: Sending signal 15 to service 'mediadrm' (pid 174) process group...
[ 7683.516411] init: Sending signal 15 to service 'keystore' (pid 173) process group...
[ 7683.520410] init: Sending signal 15 to service 'installd' (pid 172) process group...
[ 7683.521875] init: Sending signal 15 to service 'daemonssh' (pid 171) process group...
[ 7683.522091] init: Sending signal 15 to service 'script_guard' (pid 170) process group...
[ 7683.522811] init: Sending signal 15 to service 's9su' (pid 169) process group...
[ 7683.522928] init: Sending signal 15 to service 'incidentd' (pid 166) process group...
[ 7683.523187] init: Sending signal 15 to service 'drm' (pid 164) process group...
[ 7683.523305] init: Sending signal 15 to service 'cameraserver' (pid 163) process group...
[ 7683.523427] init: Sending signal 15 to service 'logcatd' (pid 160) process group...
[ 7683.523521] init: Sending signal 15 to service 'lmkd' (pid 107) process group...
[ 7683.524183] init: Sending signal 15 to service 'gpu' (pid 103) process group...
[ 7683.524297] init: Sending signal 15 to service 'audioserver' (pid 102) process group...
[ 7683.524472] init: Sending signal 15 to service 'ashmemd' (pid 101) process group...
[ 7683.524575] init: Sending signal 15 to service 'vendor.rockit-hal-1-0' (pid 100) process group...
[ 7683.524693] init: Sending signal 15 to service 'vendor.outputmanager-1-0' (pid 97) process group...
[ 7683.524819] init: Sending signal 15 to service 'vendor.wifi_hal_legacy' (pid 96) process group...
[ 7683.524916] init: Sending signal 15 to service 'vendor.sensors-hal-1-0' (pid 95) process group...
[ 7683.525035] init: Sending signal 15 to service 'vendor.radio-config-hal-1-0' (pid 94) process group...
[ 7683.525131] init: Sending signal 15 to service 'vendor.power-hal-1-0' (pid 93) process group...
[ 7683.525222] init: Sending signal 15 to service 'health-hal-2-0' (pid 91) process group...
[ 7683.525486] init: Sending signal 15 to service 'vendor.gnss_service' (pid 88) process group...
[ 7683.528411] init: Sending signal 15 to service 'vendor.drm-clearkey-hal-1-2' (pid 87) process group...
[ 7683.528546] init: Sending signal 15 to service 'vendor.drm-hal-1-0' (pid 86) process group...
[ 7683.528699] init: Sending signal 15 to service 'vendor.cas-hal-1-1' (pid 85) process group...
[ 7683.530303] init: Sending signal 15 to service 'vendor.audio-hal-2-0' (pid 84) process group...
[ 7683.530545] init: Sending signal 15 to service 'system_suspend' (pid 83) process group...
[ 7683.530668] init: Sending signal 15 to service 'hidl_memory' (pid 82) process group...
[ 7683.530769] init: Sending signal 15 to service 'zygote_secondary' (pid 80) process group...
[ 7683.536726] init: Sending signal 15 to service 'zygote' (pid 79) process group...
[ 7683.543446] init: Sending signal 15 to service 'netd' (pid 78) process group...
[ 7683.543565] init: Sending signal 15 to service 'vendor.keymaster-3-0' (pid 43) process group...
[ 7683.543616] init: Service 'hidl_memory' (pid 82) received signal 15
[ 7683.543622] init: Sending signal 9 to service 'hidl_memory' (pid 82) process group...
[ 7683.543650] libprocessgroup: Successfully killed process cgroup uid 1000 pid 82 in 0ms
[ 7683.543772] init: Service 'vendor.audio-hal-2-0' (pid 84) received signal 15
[ 7683.543777] init: Sending signal 9 to service 'vendor.audio-hal-2-0' (pid 84) process group...
[ 7683.543806] libprocessgroup: Successfully killed process cgroup uid 1041 pid 84 in 0ms
[ 7683.543930] init: Service 'vendor.cas-hal-1-1' (pid 85) received signal 15
[ 7683.543936] init: Sending signal 9 to service 'vendor.cas-hal-1-1' (pid 85) process group...
[ 7683.543966] libprocessgroup: Successfully killed process cgroup uid 1013 pid 85 in 0ms
[ 7683.544073] init: Service 'vendor.drm-hal-1-0' (pid 86) received signal 15
[ 7683.544078] init: Sending signal 9 to service 'vendor.drm-hal-1-0' (pid 86) process group...
[ 7683.544100] libprocessgroup: Successfully killed process cgroup uid 1013 pid 86 in 0ms
[ 7683.544199] init: Service 'vendor.drm-clearkey-hal-1-2' (pid 87) received signal 15
[ 7683.544206] init: Sending signal 9 to service 'vendor.drm-clearkey-hal-1-2' (pid 87) process group...
[ 7683.544229] libprocessgroup: Successfully killed process cgroup uid 1013 pid 87 in 0ms
[ 7683.544332] init: Service 'vendor.keymaster-3-0' (pid 43) received signal 15
[ 7683.544338] init: Sending signal 9 to service 'vendor.keymaster-3-0' (pid 43) process group...
[ 7683.544361] libprocessgroup: Successfully killed process cgroup uid 9999 pid 43 in 0ms
[ 7683.544462] init: Service 'vendor.gnss_service' (pid 88) received signal 15
[ 7683.544467] init: Sending signal 9 to service 'vendor.gnss_service' (pid 88) process group...
[ 7683.544491] libprocessgroup: Successfully killed process cgroup uid 1021 pid 88 in 0ms
[ 7683.544610] init: Service 'health-hal-2-0' (pid 91) received signal 15
[ 7683.544615] init: Sending signal 9 to service 'health-hal-2-0' (pid 91) process group...
[ 7683.544638] libprocessgroup: Successfully killed process cgroup uid 1000 pid 91 in 0ms
[ 7683.544736] init: Service 'vendor.power-hal-1-0' (pid 93) received signal 15
[ 7683.544741] init: Sending signal 9 to service 'vendor.power-hal-1-0' (pid 93) process group...
[ 7683.544763] libprocessgroup: Successfully killed process cgroup uid 1000 pid 93 in 0ms
[ 7683.544855] init: Service 'vendor.radio-config-hal-1-0' (pid 94) received signal 15
[ 7683.544860] init: Sending signal 9 to service 'vendor.radio-config-hal-1-0' (pid 94) process group...
[ 7683.544882] libprocessgroup: Successfully killed process cgroup uid 1000 pid 94 in 0ms
[ 7683.544976] init: Service 'vendor.sensors-hal-1-0' (pid 95) received signal 15
[ 7683.544981] init: Sending signal 9 to service 'vendor.sensors-hal-1-0' (pid 95) process group...
[ 7683.545004] libprocessgroup: Successfully killed process cgroup uid 1000 pid 95 in 0ms
[ 7683.545090] init: Service 'vendor.wifi_hal_legacy' (pid 96) received signal 15
[ 7683.545095] init: Sending signal 9 to service 'vendor.wifi_hal_legacy' (pid 96) process group...
[ 7683.545116] libprocessgroup: Successfully killed process cgroup uid 1010 pid 96 in 0ms
[ 7683.545214] init: Service 'vendor.outputmanager-1-0' (pid 97) received signal 15
[ 7683.545219] init: Sending signal 9 to service 'vendor.outputmanager-1-0' (pid 97) process group...
[ 7683.545240] libprocessgroup: Successfully killed process cgroup uid 1000 pid 97 in 0ms
[ 7683.545676] init: Service 'vendor.rockit-hal-1-0' (pid 100) received signal 15
[ 7683.545685] init: Sending signal 9 to service 'vendor.rockit-hal-1-0' (pid 100) process group...
[ 7683.545721] libprocessgroup: Successfully killed process cgroup uid 1013 pid 100 in 0ms
[ 7683.545839] init: Service 'ashmemd' (pid 101) received signal 15
[ 7683.545844] init: Sending signal 9 to service 'ashmemd' (pid 101) process group...
[ 7683.545868] libprocessgroup: Successfully killed process cgroup uid 9999 pid 101 in 0ms
[ 7683.545975] init: Service 'gpu' (pid 103) received signal 15
[ 7683.545980] init: Sending signal 9 to service 'gpu' (pid 103) process group...
[ 7683.546003] libprocessgroup: Successfully killed process cgroup uid 1072 pid 103 in 0ms
[ 7683.546144] init: Service 'logcatd' (pid 160) received signal 15
[ 7683.546148] init: Sending signal 9 to service 'logcatd' (pid 160) process group...
[ 7683.546174] libprocessgroup: Successfully killed process cgroup uid 1036 pid 160 in 0ms
[ 7683.546256] init: Service 'cameraserver' (pid 163) received signal 15
[ 7683.546263] init: Sending signal 9 to service 'cameraserver' (pid 163) process group...
[ 7683.546286] libprocessgroup: Successfully killed process cgroup uid 1047 pid 163 in 0ms
[ 7683.546522] init: Service 'drm' (pid 164) received signal 15
[ 7683.546527] init: Sending signal 9 to service 'drm' (pid 164) process group...
[ 7683.546552] libprocessgroup: Successfully killed process cgroup uid 1019 pid 164 in 0ms
[ 7683.546735] init: Service 'incidentd' (pid 166) received signal 15
[ 7683.546740] init: Sending signal 9 to service 'incidentd' (pid 166) process group...
[ 7683.546768] libprocessgroup: Successfully killed process cgroup uid 1067 pid 166 in 0ms
[ 7683.546894] init: Service 's9su' (pid 169) received signal 15
[ 7683.546899] init: Sending signal 9 to service 's9su' (pid 169) process group...
[ 7683.546926] libprocessgroup: Successfully killed process cgroup uid 0 pid 169 in 0ms
[ 7683.546997] init: Service 'script_guard' (pid 170) received signal 15
[ 7683.547003] init: Sending signal 9 to service 'script_guard' (pid 170) process group...
[ 7683.547026] libprocessgroup: Successfully killed process cgroup uid 0 pid 170 in 0ms
[ 7683.547089] init: Service 'daemonssh' (pid 171) received signal 15
[ 7683.547093] init: Sending signal 9 to service 'daemonssh' (pid 171) process group...
[ 7683.547114] libprocessgroup: Successfully killed process cgroup uid 0 pid 171 in 0ms
[ 7683.547175] init: Service 'installd' (pid 172) received signal 15
[ 7683.547180] init: Sending signal 9 to service 'installd' (pid 172) process group...
[ 7683.547201] libprocessgroup: Successfully killed process cgroup uid 0 pid 172 in 0ms
[ 7683.547285] init: Service 'keystore' (pid 173) received signal 15
[ 7683.547290] init: Sending signal 9 to service 'keystore' (pid 173) process group...
[ 7683.547312] libprocessgroup: Successfully killed process cgroup uid 1017 pid 173 in 0ms
[ 7683.547443] init: Service 'mediadrm' (pid 174) received signal 15
[ 7683.547448] init: Sending signal 9 to service 'mediadrm' (pid 174) process group...
[ 7683.547471] libprocessgroup: Successfully killed process cgroup uid 1013 pid 174 in 0ms
[ 7683.547578] init: Service 'mediaextractor' (pid 179) received signal 15
[ 7683.547583] init: Sending signal 9 to service 'mediaextractor' (pid 179) process group...
[ 7683.547615] libprocessgroup: Successfully killed process cgroup uid 1040 pid 179 in 0ms
[ 7683.548423] init: Service 'mediametrics' (pid 180) received signal 15
[ 7683.548430] init: Sending signal 9 to service 'mediametrics' (pid 180) process group...
[ 7683.548463] libprocessgroup: Successfully killed process cgroup uid 1013 pid 180 in 0ms
[ 7683.548629] init: Service 'media' (pid 181) received signal 15
[ 7683.548634] init: Sending signal 9 to service 'media' (pid 181) process group...
[ 7683.548675] libprocessgroup: Successfully killed process cgroup uid 1013 pid 181 in 0ms
[ 7683.548922] init: Service 'statsd' (pid 183) exited with status 1
[ 7683.548927] init: Sending signal 9 to service 'statsd' (pid 183) process group...
[ 7683.548977] libprocessgroup: Successfully killed process cgroup uid 1066 pid 183 in 0ms
[ 7683.549116] init: Service 'storaged' (pid 184) received signal 15
[ 7683.549121] init: Sending signal 9 to service 'storaged' (pid 184) process group...
[ 7683.549145] libprocessgroup: Successfully killed process cgroup uid 0 pid 184 in 0ms
[ 7683.549233] init: Service 'wificond' (pid 185) exited with status 0
[ 7683.549239] init: Sending signal 9 to service 'wificond' (pid 185) process group...
[ 7683.549260] libprocessgroup: Successfully killed process cgroup uid 1010 pid 185 in 0ms
[ 7683.549373] init: Service 'vendor.media.omx' (pid 186) received signal 15
[ 7683.549377] init: Sending signal 9 to service 'vendor.media.omx' (pid 186) process group...
[ 7683.549403] libprocessgroup: Successfully killed process cgroup uid 1046 pid 186 in 0ms
[ 7683.549688] init: Service 'vendor.ril-daemon' (pid 189) received signal 15
[ 7683.549694] init: Sending signal 9 to service 'vendor.ril-daemon' (pid 189) process group...
[ 7683.549724] libprocessgroup: Successfully killed process cgroup uid 1001 pid 189 in 0ms
[ 7683.549835] init: Service 'media.swcodec' (pid 190) received signal 15
[ 7683.549840] init: Sending signal 9 to service 'media.swcodec' (pid 190) process group...
[ 7683.549862] libprocessgroup: Successfully killed process cgroup uid 1046 pid 190 in 0ms
[ 7683.550099] init: Service 'audioserver' (pid 102) received signal 15
[ 7683.550105] init: Sending signal 9 to service 'audioserver' (pid 102) process group...
[ 7683.550131] libprocessgroup: Successfully killed process cgroup uid 1041 pid 102 in 0ms
[ 7683.550363] init: Service 'gatekeeperd' (pid 191) received signal 15
[ 7683.550369] init: Sending signal 9 to service 'gatekeeperd' (pid 191) process group...
[ 7683.550393] libprocessgroup: Successfully killed process cgroup uid 1000 pid 191 in 0ms
[ 7683.550493] init: Service 'mdnsd' (pid 254) exited with status 4
[ 7683.550498] init: Sending signal 9 to service 'mdnsd' (pid 254) process group...
[ 7683.550521] libprocessgroup: Successfully killed process cgroup uid 1020 pid 254 in 0ms
[ 7683.550633] init: Service 'blank_screen' (pid 10646) exited with status 0
[ 7683.550638] init: Sending signal 9 to service 'blank_screen' (pid 10646) process group...
[ 7683.550663] libprocessgroup: Successfully killed process cgroup uid 1000 pid 10646 in 0ms
[ 7683.552488] binder: release 63408:63428 transaction 617296 in, still active
[ 7683.552496] binder: send failed reply for transaction 617296 to 63737:63860
[ 7683.603442] init: Service 'netd' (pid 78) received signal 15
[ 7683.603459] init: Sending signal 9 to service 'netd' (pid 78) process group...
[ 7683.603541] libprocessgroup: Successfully killed process cgroup uid 0 pid 78 in 0ms
[ 7683.603741] init: Service 'zygote' (pid 79) received signal 15
[ 7683.603749] init: Sending signal 9 to service 'zygote' (pid 79) process group...
[ 7683.686899] binder: undelivered TRANSACTION_ERROR: 29189
[ 7683.780761] libprocessgroup: Successfully killed process cgroup uid 0 pid 79 in 176ms
[ 7683.781664] init: Service 'zygote_secondary' (pid 80) received signal 15
[ 7683.781690] init: Sending signal 9 to service 'zygote_secondary' (pid 80) process group...
[ 7683.781785] libprocessgroup: Successfully killed process cgroup uid 0 pid 80 in 0ms
[ 7683.783490] init: Service 'system_suspend' (pid 83) received signal 15
[ 7683.783515] init: Sending signal 9 to service 'system_suspend' (pid 83) process group...
[ 7683.783622] libprocessgroup: Successfully killed process cgroup uid 1000 pid 83 in 0ms
[ 7683.783925] init: Service 'lmkd' (pid 107) received signal 15
[ 7683.783946] init: Sending signal 9 to service 'lmkd' (pid 107) process group...
[ 7683.784035] libprocessgroup: Successfully killed process cgroup uid 1069 pid 107 in 0ms
[ 7683.784348] init: Untracked pid 567 received signal 15
[ 7683.784444] init: Untracked pid 736 received signal 15
[ 7683.784565] init: Untracked pid 207 received signal 15
[ 7683.784663] init: Untracked pid 208 received signal 15
[ 7683.784757] init: Untracked pid 275 received signal 15
[ 7683.785161] init: Untracked pid 425 received signal 15
[ 7683.786839] init: Untracked pid 586 received signal 15
[ 7683.786982] init: Untracked pid 620 received signal 15
[ 7683.787087] init: Untracked pid 693 received signal 15
[ 7683.787188] init: Untracked pid 822 received signal 15
[ 7683.787317] init: Untracked pid 904 received signal 15
[ 7683.787441] init: Untracked pid 1036 received signal 15
[ 7683.787522] init: Untracked pid 1063 received signal 15
[ 7683.787607] init: Untracked pid 1083 received signal 15
[ 7683.787684] init: Untracked pid 1110 received signal 15
[ 7683.787762] init: Untracked pid 1292 received signal 15
[ 7683.787853] init: Untracked pid 1452 received signal 15
[ 7683.787981] init: Untracked pid 1903 received signal 15
[ 7683.788070] init: Untracked pid 9750 received signal 15
[ 7683.788184] init: Untracked pid 9849 received signal 15
[ 7683.788272] init: Untracked pid 9887 received signal 15
[ 7683.788360] init: Untracked pid 9932 received signal 15
[ 7683.788447] init: Untracked pid 10050 received signal 15
[ 7683.788529] init: Untracked pid 10484 received signal 15
[ 7683.788619] init: Terminating running services took 303ms with remaining services:0
[ 7683.793609] binder: 63353:63353 transaction failed 29189/-22, size 96-0 line 3133
[ 7683.805842] vdc: Waited 0ms for vold
[ 7683.806049] binder: 63332:63332 transaction failed 29189/-22, size 92-0 line 3133
[ 7683.837164] init: Sending signal 9 to service 'vold' (pid 33) process group...
[ 7683.842444] libprocessgroup: Successfully killed process cgroup uid 0 pid 33 in 5ms
[ 7683.842712] init: Sending signal 9 to service 'tombstoned' (pid 192) process group...
[ 7683.848047] libprocessgroup: Successfully killed process cgroup uid 1058 pid 192 in 5ms
[ 7683.848331] init: Sending signal 9 to service 'logd' (pid 27) process group...
[ 7683.853758] libprocessgroup: Successfully killed process cgroup uid 1036 pid 27 in 5ms
[ 7683.854134] init: sync() before umount...
[ 7683.871229] init: sync() before umount took17ms
[ 7683.873693] init: sync() after umount...
[ 7683.882136] init: sync() after umount took8ms
[ 7683.982436] init: powerctl_shutdown_time_ms:497:0
[ 7683.982572] init: Reboot ending, jumping to kernel
[ 7684.210078] veth785659c: renamed from eth0
[ 7684.801017] eth0: renamed from veth3108ced
[ 7684.831885] 8021q: adding VLAN 0 to HW filter on device eth0
[ 7684.952674] init: mkdir("/dev/pts", 0755) failed File exists
[ 7684.952734] init: mount("sysfs", "/sys", "sysfs", 0, NULL) failed Device or resource busy
[ 7684.952752] init: mount("selinuxfs", "/sys/fs/selinux", "selinuxfs", 0, NULL) failed No such file or directory
[ 7684.952769] init: mknod("/dev/kmsg", S_IFCHR | 0600, makedev(1, 11)) failed File exists
[ 7684.952785] init: mknod("/dev/random", S_IFCHR | 0666, makedev(1, 8)) failed File exists
[ 7684.952801] init: mknod("/dev/urandom", S_IFCHR | 0666, makedev(1, 9)) failed File exists
[ 7684.952816] init: mknod("/dev/ptmx", S_IFCHR | 0666, makedev(5, 2)) failed File exists
[ 7684.952831] init: mknod("/dev/null", S_IFCHR | 0666, makedev(1, 3)) failed File exists
[ 7684.952846] init: init first stage started!
[ 7684.953123] init: [libfs_mgr]ReadFstabFromDt(): failed to read fstab from dt
[ 7684.953330] init: [libfs_mgr]ReadDefaultFstab(): failed to find device default fstab
[ 7684.953350] init: Failed to fstab for first stage mount
[ 7684.953433] init: Using Android DT directory /proc/device-tree/firmware/android/
[ 7684.953803] init: [libfs_mgr]ReadDefaultFstab(): failed to find device default fstab
[ 7684.953919] init: First stage mount skipped (missing/incompatible/empty fstab in device tree)
[ 7684.953983] init: Skipped setting INIT_AVB_VERSION (not in recovery mode)
[ 7684.983954] init: init second stage started!
[ 7684.990746] init: Using Android DT directory /proc/device-tree/firmware/android/
[ 7684.990848] init: read form:/vendor/etc/container/container_common.conf:# default config for all container
[ 7684.990854] init: # 该配置为所有容器生效的默认配置，
[ 7684.990859] init: # 如需修改，请在对应容器的配置文件中修改
[ 7684.990863] init: # 除非希望在所有容器中生效，否则不要修改该配置文件
[ 7684.990867] init: 
[ 7684.990871] init: # 必须打开，init.redroid.rc中使用
[ 7684.990876] init: ro.container.enable.container.config=true
[ 7684.990880] init: # 配置容器id，该配置必须在应容器的配置文件中修改为对应容器id
[ 7684.990884] init: 
[ 7684.990888] init: ### network
[ 7684.990893] init: # 网络类型:docker0 / macvlan_static / macvlan_dhcp / host
[ 7684.990897] init: ro.container.network.type=macvlan_static
[ 7684.990901] init: 
[ 7684.990905] init: ### HWC
[ 7684.990909] init: # 配置默认分辨率
[ 7684.990913] init: persist.vendor.framebuffer.main=720x1280@60
[ 7684.990917] init: # 隐藏导航栏
[ 7684.990921] init: qemu.hw.mainkeys=1
[ 7684.990925] init: 
[ 7684.990929] init: # 设备指纹
[ 7684.990933] init: ro.build.fingerprint=samsung/GT-P7500/GT-P7500:3.2/HTJ85B/XWKL1:user/release-keys
[ 7684.990937] init: ro.bootimage.build.fingerprint=samsung/GT-P7500/GT-P7500:3.2/HTJ85B/XWKL1:user/release-keys
[ 7684.990942] init: ro.odm.build.fingerprint=samsung/GT-P7500/GT-P7500:3.2/HTJ85B/XWKL1:user/release-keys
[ 7684.990947] init: ro.product.build.fingerprint=samsung/GT-P7500/GT-P7500:3.2/HTJ85B/XWKL1:user/release-keys
[ 7684.990951] init: ro.system.build.fingerprint=samsung/GT-P7500/GT-P7500:3.2/HTJ85B/XWKL1:user/release-keys
[ 7684.990955] init: ro.vendor.build.fingerprint=samsung/GT-P7500/GT-P7500:3.2/HTJ85B/XWKL1:user/release-keys
[ 7684.990959] init: 
[ 7684.990963] init: # adb默认关闭
[ 7684.990967] init: s9.adbd.auto_start=0
[ 7684.990971] init: persist.sys.timezone=America/New_York
[ 7684.990975] init: ro.container.market.server.url=https://appstore.palmpai.com
[ 7684.990979] init: ro.container.launcher3.server.url=https://idc.palmpai.com
[ 7684.990984] init: ro.container.launcher3.locale=en
[ 7684.990988] init: 
[ 7684.991117] init: read form:/vendor/etc/container/container.conf:# config for container 0
[ 7684.991122] init: ro.container.container_id=2
[ 7684.991126] init: ro.product.locale=en-US
[ 7684.991130] init: ro.product.locale.language=en
[ 7684.991133] init: ro.container.net_dns2=4.2.2.1
[ 7684.991137] init: ro.container.net_dns1=8.8.8.8
[ 7684.991141] init: ro.product.locale.region=US
[ 7684.991145] init: ro.container.net_dns.num=2
[ 7684.991150] init: 
[ 7684.991239] init: Running restorecon...
[ 7684.991925] init: Overriding previous 'ro.' property 'ro.target.product':'tablet' with new value 'nosdcard'
[ 7684.992262] init: Couldn't load property file '/product_services/build.prop': open() failed: No such file or directory: No such file or directory
[ 7684.992308] init: Couldn't load property file '/factory/factory.prop': open() failed: No such file or directory: No such file or directory
[ 7684.992526] init: Could not set 'ro.bootimage.build.fingerprint' to 'rockchip/rk3588_docker_overseas/rk3588_docker_overseas:10/QD4A.200805.003/root07251242:user/release-keys' while loading .prop filesRead-only property was already set
[ 7684.992734] init: Could not set 'ro.odm.build.fingerprint' to 'rockchip/rk3588_docker_overseas/rk3588_docker_overseas:10/QD4A.200805.003/root07251242:user/release-keys' while loading .prop filesRead-only property was already set
[ 7684.992784] init: Could not set 'ro.product.build.fingerprint' to 'rockchip/rk3588_docker_overseas/rk3588_docker_overseas:10/QD4A.200805.003/root07251242:user/release-keys' while loading .prop filesRead-only property was already set
[ 7684.992832] init: Could not set 'ro.product.locale' to 'en-US' while loading .prop filesRead-only property was already set
[ 7684.992955] init: Could not set 'ro.system.build.fingerprint' to 'rockchip/rk3588_docker_overseas/rk3588_docker_overseas:10/QD4A.200805.003/root07251242:user/release-keys' while loading .prop filesRead-only property was already set
[ 7684.993009] init: Could not set 'ro.vendor.build.fingerprint' to 'rockchip/rk3588_docker_overseas/rk3588_docker_overseas:10/QD4A.200805.003/root07251242:user/release-keys' while loading .prop filesRead-only property was already set
[ 7684.993203] init: Setting product property ro.product.brand to 'rockchip' (from ro.product.product.brand)
[ 7684.993221] init: Setting product property ro.product.device to 'rk3588_docker_overseas' (from ro.product.product.device)
[ 7684.993235] init: Setting product property ro.product.manufacturer to 'rockchip' (from ro.product.product.manufacturer)
[ 7684.993248] init: Setting product property ro.product.model to 'rk3588_docker_overseas' (from ro.product.product.model)
[ 7684.993262] init: Setting product property ro.product.name to 'rk3588_docker_overseas' (from ro.product.product.name)
[ 7684.993566] init: Created socket '/dev/socket/property_service', mode 666, user 0, group 0
[ 7684.993744] init: SetupMountNamespaces done
[ 7684.994558] init: Forked subcontext for 'u:r:vendor_init:s0' with pid 7
[ 7684.995328] init: Forked subcontext for 'u:r:vendor_init:s0' with pid 8
[ 7684.995404] init: Parsing file /init.rc...
[ 7684.995529] init: Added '/init.environ.rc' to import list
[ 7684.995539] init: Added '/init.usb.rc' to import list
[ 7684.995550] init: Added '/init.rk30board.rc' to import list
[ 7684.995563] init: Added '/vendor/etc/init/hw/init.rk30board.rc' to import list
[ 7684.995571] init: Added '/init.usb.configfs.rc' to import list
[ 7684.995605] init: Added '/init.zygote64_32.rc' to import list
[ 7684.996677] init: Parsing file /init.environ.rc...
[ 7684.996744] init: Parsing file /init.usb.rc...
[ 7684.996984] init: Parsing file /init.rk30board.rc...
[ 7684.996998] init: Unable to read config file '/init.rk30board.rc': open() failed: No such file or directory
[ 7684.997035] init: Parsing file /vendor/etc/init/hw/init.rk30board.rc...
[ 7684.997097] init: Added '/vendor/etc/init/hw/init.rockchip.rc' to import list
[ 7684.997105] init: Added '/vendor/etc/init/hw/init.connectivity.rc' to import list
[ 7684.997113] init: Added '/vendor/etc/init/hw/init.box.samba.rc' to import list
[ 7684.997125] init: Added '/vendor/etc/init/hw/init.rk3588.rc' to import list
[ 7684.997143] init: Added '/vendor/etc/init/hw/init.nosdcard.rc' to import list
[ 7684.997150] init: Added '/vendor/etc/init/hw/init.car.rc' to import list
[ 7684.997156] init: Added '/vendor/etc/init/hw/init.optee.rc' to import list
[ 7684.997709] init: Parsing file /vendor/etc/init/hw/init.rockchip.rc...
[ 7684.997742] init: Added '/vendor/etc/init/hw/init.rk30board.usb.rc' to import list
[ 7684.997752] init: Added '/vendor/etc/init/hw/init.rk30board.environment.rc' to import list
[ 7684.997759] init: Added '/vendor/etc/init/hw/init.debug.rc' to import list
[ 7684.997765] init: Added '/vendor/etc/init/hw/init.mount_all.rc' to import list
[ 7684.998149] init: Parsing file /vendor/etc/init/hw/init.rk30board.usb.rc...
[ 7684.998191] init: Added '/vendor/etc/init/hw/init.rk3588.usb.rc' to import list
[ 7684.998430] init: Parsing file /vendor/etc/init/hw/init.rk3588.usb.rc...
[ 7684.998448] init: Unable to read config file '/vendor/etc/init/hw/init.rk3588.usb.rc': open() failed: No such file or directory
[ 7684.998466] init: Parsing file /vendor/etc/init/hw/init.rk30board.environment.rc...
[ 7684.998493] init: Parsing file /vendor/etc/init/hw/init.debug.rc...
[ 7684.998505] init: Unable to read config file '/vendor/etc/init/hw/init.debug.rc': open() failed: No such file or directory
[ 7684.998523] init: Parsing file /vendor/etc/init/hw/init.mount_all.rc...
[ 7684.998563] init: Parsing file /vendor/etc/init/hw/init.connectivity.rc...
[ 7684.998879] init: Parsing file /vendor/etc/init/hw/init.box.samba.rc...
[ 7684.998894] init: Unable to read config file '/vendor/etc/init/hw/init.box.samba.rc': open() failed: No such file or directory
[ 7684.998912] init: Parsing file /vendor/etc/init/hw/init.rk3588.rc...
[ 7684.999032] init: Parsing file /vendor/etc/init/hw/init.nosdcard.rc...
[ 7684.999044] init: Unable to read config file '/vendor/etc/init/hw/init.nosdcard.rc': open() failed: No such file or directory
[ 7684.999059] init: Parsing file /vendor/etc/init/hw/init.car.rc...
[ 7684.999071] init: Unable to read config file '/vendor/etc/init/hw/init.car.rc': open() failed: No such file or directory
[ 7684.999082] init: Parsing file /vendor/etc/init/hw/init.optee.rc...
[ 7684.999093] init: Unable to read config file '/vendor/etc/init/hw/init.optee.rc': open() failed: No such file or directory
[ 7684.999117] init: Parsing file /init.usb.configfs.rc...
[ 7684.999397] init: Parsing file /init.zygote64_32.rc...
[ 7684.999534] init: Parsing directory /system/etc/init...
[ 7684.999663] init: Parsing file /system/etc/init/android.hidl.allocator@1.0-service.rc...
[ 7684.999716] init: Parsing file /system/etc/init/android.system.suspend@1.0-service.rc...
[ 7684.999770] init: last valid run-time capability is larger than CAP_LAST_CAP
[ 7684.999778] init: Parsing file /system/etc/init/apexd.rc...
[ 7684.999853] init: Parsing file /system/etc/init/art_apex_boot_integrity.rc...
[ 7684.999885] init: Parsing file /system/etc/init/ashmemd.rc...
[ 7684.999929] init: Parsing file /system/etc/init/atrace.rc...
[ 7685.000291] init: Parsing file /system/etc/init/audioserver.rc...
[ 7685.000353] init: last valid run-time capability is larger than CAP_LAST_CAP
[ 7685.000379] init: Parsing file /system/etc/init/blank_screen.rc...
[ 7685.000446] init: Parsing file /system/etc/init/bootanim.rc...
[ 7685.000500] init: Parsing file /system/etc/init/bootstat.rc...
[ 7685.000607] init: Parsing file /system/etc/init/bpfloader.rc...
[ 7685.000648] init: last valid run-time capability is larger than CAP_LAST_CAP
[ 7685.000670] init: Parsing file /system/etc/init/cameraserver.rc...
[ 7685.000730] init: Parsing file /system/etc/init/drmserver.rc...
[ 7685.000788] init: Parsing file /system/etc/init/dumpstate.rc...
[ 7685.000896] init: Parsing file /system/etc/init/flags_health_check.rc...
[ 7685.000938] init: Parsing file /system/etc/init/gatekeeperd.rc...
[ 7685.000982] init: Parsing file /system/etc/init/gpuservice.rc...
[ 7685.001025] init: Parsing file /system/etc/init/gsid.rc...
[ 7685.001086] init: Parsing file /system/etc/init/heapprofd.rc...
[ 7685.001156] init: last valid run-time capability is larger than CAP_LAST_CAP
[ 7685.001175] init: Parsing file /system/etc/init/hwservicemanager.rc...
[ 7685.001237] init: Parsing file /system/etc/init/idmap2d.rc...
[ 7685.001285] init: Parsing file /system/etc/init/incidentd.rc...
[ 7685.001352] init: last valid run-time capability is larger than CAP_LAST_CAP
[ 7685.001365] init: Parsing file /system/etc/init/init.adbd.rc...
[ 7685.001397] init: Parsing file /system/etc/init/init.curl.rc...
[ 7685.001425] init: Parsing file /system/etc/init/init.s9su.rc...
[ 7685.001469] init: Parsing file /system/etc/init/init.scriptd.rc...
[ 7685.001512] init: Parsing file /system/etc/init/init.sshd.rc...
[ 7685.001563] init: Parsing file /system/etc/init/installd.rc...
[ 7685.001709] init: Parsing file /system/etc/init/iorapd.rc...
[ 7685.001786] init: Parsing file /system/etc/init/keystore.rc...
[ 7685.001840] init: Parsing file /system/etc/init/lmkd.rc...
[ 7685.001885] init: last valid run-time capability is larger than CAP_LAST_CAP
[ 7685.001899] init: Parsing file /system/etc/init/logcatd.rc...
[ 7685.002026] init: Parsing file /system/etc/init/logd.rc...
[ 7685.002088] init: last valid run-time capability is larger than CAP_LAST_CAP
[ 7685.002148] init: last valid run-time capability is larger than CAP_LAST_CAP
[ 7685.002165] init: Parsing file /system/etc/init/lpdumpd.rc...
[ 7685.002296] init: Parsing file /system/etc/init/mdnsd.rc...
[ 7685.002358] init: Parsing file /system/etc/init/mediadrmserver.rc...
[ 7685.002407] init: Parsing file /system/etc/init/mediaextractor.rc...
[ 7685.002450] init: Parsing file /system/etc/init/mediametrics.rc...
[ 7685.002496] init: Parsing file /system/etc/init/mediaserver.rc...
[ 7685.002563] init: Parsing file /system/etc/init/mtpd.rc...
[ 7685.002608] init: last valid run-time capability is larger than CAP_LAST_CAP
[ 7685.002616] init: Parsing file /system/etc/init/netd.rc...
[ 7685.002665] init: Parsing file /system/etc/init/perfetto.rc...
[ 7685.002746] init: last valid run-time capability is larger than CAP_LAST_CAP
[ 7685.002780] init: Parsing file /system/etc/init/racoon.rc...
[ 7685.002832] init: last valid run-time capability is larger than CAP_LAST_CAP
[ 7685.002840] init: Parsing file /system/etc/init/recovery-persist.rc...
[ 7685.002865] init: Parsing file /system/etc/init/rss_hwm_reset.rc...
[ 7685.002908] init: last valid run-time capability is larger than CAP_LAST_CAP
[ 7685.002919] init: Parsing file /system/etc/init/s9.boot.rc...
[ 7685.002945] init: Parsing file /system/etc/init/servicemanager.rc...
[ 7685.003006] init: Parsing file /system/etc/init/statsd.rc...
[ 7685.003067] init: Parsing file /system/etc/init/storaged.rc...
[ 7685.003103] init: last valid run-time capability is larger than CAP_LAST_CAP
[ 7685.003117] init: Parsing file /system/etc/init/surfaceflinger.rc...
[ 7685.003175] init: Parsing file /system/etc/init/tombstoned.rc...
[ 7685.003224] init: Parsing file /system/etc/init/traceur.rc...
[ 7685.003259] init: Parsing file /system/etc/init/uncrypt.rc...
[ 7685.003336] init: Parsing file /system/etc/init/usbd.rc...
[ 7685.003382] init: Parsing file /system/etc/init/vdc.rc...
[ 7685.003411] init: Parsing file /system/etc/init/vold.rc...
[ 7685.003453] init: Parsing file /system/etc/init/wait_for_keymaster.rc...
[ 7685.003500] init: Parsing file /system/etc/init/wifi-events.rc...
[ 7685.003582] init: Parsing file /system/etc/init/wificond.rc...
[ 7685.003640] init: last valid run-time capability is larger than CAP_LAST_CAP
[ 7685.003680] init: Parsing file /product/etc/init...
[ 7685.003691] init: Unable to read config file '/product/etc/init': open() failed: No such file or directory
[ 7685.003704] init: Parsing file /product_services/etc/init...
[ 7685.003715] init: Unable to read config file '/product_services/etc/init': open() failed: No such file or directory
[ 7685.003729] init: Parsing file /odm/etc/init...
[ 7685.003738] init: Unable to read config file '/odm/etc/init': open() failed: No such file or directory
[ 7685.003752] init: Parsing directory /vendor/etc/init...
[ 7685.003828] init: Parsing file /vendor/etc/init/android.hardware.audio@2.0-service.rc...
[ 7685.003891] init: last valid run-time capability is larger than CAP_LAST_CAP
[ 7685.003993] init: Parsing file /vendor/etc/init/android.hardware.cas@1.1-service.rc...
[ 7685.004042] init: Parsing file /vendor/etc/init/android.hardware.drm@1.0-service.rc...
[ 7685.004139] init: Parsing file /vendor/etc/init/android.hardware.drm@1.2-service.clearkey.rc...
[ 7685.004334] init: Parsing file /vendor/etc/init/android.hardware.gnss@1.0-service.rc...
[ 7685.004380] init: Parsing file /vendor/etc/init/android.hardware.graphics.allocator@3.0-service.rc...
[ 7685.004463] init: last valid run-time capability is larger than CAP_LAST_CAP
[ 7685.004474] init: Parsing file /vendor/etc/init/android.hardware.graphics.composer@2.1-service.rc...
[ 7685.004522] init: last valid run-time capability is larger than CAP_LAST_CAP
[ 7685.004598] init: Parsing file /vendor/etc/init/android.hardware.health@2.0-service.rc...
[ 7685.004681] init: last valid run-time capability is larger than CAP_LAST_CAP
[ 7685.004692] init: Parsing file /vendor/etc/init/android.hardware.keymaster@3.0-service.rc...
[ 7685.004767] init: Parsing file /vendor/etc/init/android.hardware.light@2.0-service.rc...
[ 7685.004839] init: Parsing file /vendor/etc/init/android.hardware.media.omx@1.0-service.rc...
[ 7685.004889] init: Parsing file /vendor/etc/init/android.hardware.power@1.0-service.rc...
[ 7685.004932] init: Parsing file /vendor/etc/init/android.hardware.radio.config@1.0-service.rc...
[ 7685.004977] init: Parsing file /vendor/etc/init/android.hardware.sensors@1.0-service.rc...
[ 7685.005019] init: last valid run-time capability is larger than CAP_LAST_CAP
[ 7685.005031] init: Parsing file /vendor/etc/init/android.hardware.wifi@1.0-service.rc...
[ 7685.005067] init: last valid run-time capability is larger than CAP_LAST_CAP
[ 7685.005080] init: Parsing file /vendor/etc/init/hostapd.android.rc...
[ 7685.005220] init: last valid run-time capability is larger than CAP_LAST_CAP
[ 7685.005236] init: Parsing file /vendor/etc/init/init.redroid.rc...
[ 7685.005369] init: Parsing file /vendor/etc/init/init.rockchip.drmservice.rc...
[ 7685.005413] init: Parsing file /vendor/etc/init/rild.rc...
[ 7685.005460] init: last valid run-time capability is larger than CAP_LAST_CAP
[ 7685.005468] init: Parsing file /vendor/etc/init/rockchip.hardware.outputmanager@1.0-service.rc...
[ 7685.005517] init: Parsing file /vendor/etc/init/rockchip.hardware.rockit.hw@1.0-service.rc...
[ 7685.005570] init: Parsing file /vendor/etc/init/vndservicemanager.rc...
[ 7685.005733] init: processing action (SetupCgroups) from (<Builtin Action>:0)
[ 7685.006131] new mount options do not match the existing superblock, will be ignored
[ 7685.006184] cgroup: Unknown subsys name 'schedtune'
[ 7685.006196] libprocessgroup: Failed to mount schedtune cgroup: Invalid argument
[ 7685.006204] libprocessgroup: Failed to setup schedtune cgroup
[ 7685.006710] init: processing action (early-init) from (/init.rc:15)
[ 7685.007118] init: starting service 'ueventd'...
[ 7685.008187] init: starting service 'apexd-bootstrap'...
[ 7685.009194] init: SVC_EXEC service 'apexd-bootstrap' pid 10 (uid 0 gid 1000+0 context default) started; waiting...
[ 7685.029053] ueventd: ueventd started!
[ 7685.029081] ueventd: android container want to disable cold_boot, so creat /dev/.coldboot_done
[ 7685.029138] ueventd: Parsing file /ueventd.rc...
[ 7685.029279] ueventd: Parsing file /vendor/ueventd.rc...
[ 7685.029665] ueventd: Parsing file /odm/ueventd.rc...
[ 7685.029677] ueventd: Unable to read config file '/odm/ueventd.rc': open() failed: No such file or directory
[ 7685.029690] ueventd: Parsing file /ueventd.rk30board.rc...
[ 7685.029698] ueventd: Unable to read config file '/ueventd.rk30board.rc': open() failed: No such file or directory
[ 7685.042337] apexd: Bootstrap subcommand detected
[ 7685.043674] apexd: Scanning /system/apex for embedded keys
[ 7685.044439] apexd: Scanning /product/apex for embedded keys
[ 7685.044519] apexd: ... does not exist. Skipping
[ 7685.044593] apexd: Scanning /system/apex looking for APEX packages.
[ 7685.044720] apexd: Found /system/apex/com.android.conscrypt
[ 7685.044901] apexd: Skipped when bootstrapping
[ 7685.044978] apexd: Found /system/apex/com.android.media
[ 7685.045154] apexd: Skipped when bootstrapping
[ 7685.045228] apexd: Found /system/apex/com.android.tzdata
[ 7685.045575] apexd: Successfully bind-mounted flattened package /system/apex/com.android.tzdata on /apex/com.android.tzdata@299900000
[ 7685.045701] apexd: Found /system/apex/com.android.resolv
[ 7685.045883] apexd: Skipped when bootstrapping
[ 7685.045959] apexd: Found /system/apex/com.android.media.swcodec
[ 7685.046136] apexd: Skipped when bootstrapping
[ 7685.046216] apexd: Found /system/apex/com.android.runtime.release
[ 7685.046484] apexd: Successfully bind-mounted flattened package /system/apex/com.android.runtime.release on /apex/com.android.runtime@1
[ 7685.046610] apexd: Activated 6 packages. Skipped: 0
[ 7685.046689] apexd: Bootstrapping done
[ 7685.048110] init: Service 'apexd-bootstrap' (pid 10) exited with status 0 waiting took 0.039000 seconds
[ 7685.048126] init: Sending signal 9 to service 'apexd-bootstrap' (pid 10) process group...
[ 7685.048196] libprocessgroup: Successfully killed process cgroup uid 0 pid 10 in 0ms
[ 7685.048375] init: processing action (early-init) from (/init.environ.rc:2)
[ 7685.048437] init: processing action (early-init) from (/vendor/etc/init/hw/init.rk30board.rc:29)
[ 7685.085167] init: processing action (early-init) from (/vendor/etc/init/hw/init.rockchip.rc:6)
[ 7685.086903] init: starting service 'vendor.insmod_sh'...
[ 7685.087883] init: processing action (early-init) from (/vendor/etc/init/hw/init.rk3588.rc:79)
[ 7685.191948] init: Command 'write /sys/devices/system/cpu/cpufreq/policy6/scaling_governor performance' action=early-init (/vendor/etc/init/hw/init.rk3588.rc:82) took 55ms and succeeded
[ 7685.191987] init: Service 'vendor.insmod_sh' (pid 11) exited with status 0
[ 7685.191993] init: Sending signal 9 to service 'vendor.insmod_sh' (pid 11) process group...
[ 7685.192043] libprocessgroup: Successfully killed process cgroup uid 0 pid 11 in 0ms
[ 7685.192184] init: processing action (early-init) from (/system/etc/init/init.curl.rc:1)
[ 7685.192196] init: processing action (early-init) from (/vendor/etc/init/init.redroid.rc:1)
[ 7685.192296] init: Command 'mount debugfs debugfs /sys/kernel/debug mode=755' action=early-init (/vendor/etc/init/init.redroid.rc:2) took 0ms and failed: mount() failed: Device or resource busy
[ 7685.192892] init: starting service 'exec 1 (/vendor/bin/binder_alloc /dev/binderfs/binder-control binder hwbinder vndbinder)'...
[ 7685.193515] init: SVC_EXEC service 'exec 1 (/vendor/bin/binder_alloc /dev/binderfs/binder-control binder hwbinder vndbinder)' pid 13 (uid 0 gid 0+0 context default) started; waiting...
[ 7685.203161] init: Service 'exec 1 (/vendor/bin/binder_alloc /dev/binderfs/binder-control binder hwbinder vndbinder)' (pid 13) exited with status 0 waiting took 0.009000 seconds
[ 7685.203234] init: Sending signal 9 to service 'exec 1 (/vendor/bin/binder_alloc /dev/binderfs/binder-control binder hwbinder vndbinder)' (pid 13) process group...
[ 7685.203327] libprocessgroup: Successfully killed process cgroup uid 0 pid 13 in 0ms
[ 7685.203784] init: starting service 'exec 2 (/vendor/bin/chmod.sh)'...
[ 7685.204368] init: SVC_EXEC service 'exec 2 (/vendor/bin/chmod.sh)' pid 14 (uid 0 gid 0+0 context default) started; waiting...
[ 7685.361570] init: Service 'exec 2 (/vendor/bin/chmod.sh)' (pid 14) exited with status 0 waiting took 0.157000 seconds
[ 7685.361589] init: Sending signal 9 to service 'exec 2 (/vendor/bin/chmod.sh)' (pid 14) process group...
[ 7685.361635] libprocessgroup: Successfully killed process cgroup uid 0 pid 14 in 0ms
[ 7685.361863] init: processing action (ro.container.enable.container.config=true && early-init) from (/vendor/etc/init/init.redroid.rc:79)
[ 7685.361944] init: property 'ro.container.disable.audio.output' doesn't exist while expanding '${ro.container.disable.audio.output}'
[ 7685.361999] init: Command 'setprop persist.disable.audio.output ${ro.container.disable.audio.output}' action=ro.container.enable.container.config=true && early-init (/vendor/etc/init/init.redroid.rc:80) took 0ms and failed: cannot expand '${ro.container.disable.audio.output}'
[ 7685.362033] init: property 'ro.container.default.resolution' doesn't exist while expanding '${ro.container.default.resolution}'
[ 7685.362056] init: Command 'setprop persist.vendor.resolution.main ${ro.container.default.resolution}' action=ro.container.enable.container.config=true && early-init (/vendor/etc/init/init.redroid.rc:81) took 0ms and failed: cannot expand '${ro.container.default.resolution}'
[ 7685.362175] init: property 'ro.container.disable_cold_boot' doesn't exist while expanding '${ro.container.disable_cold_boot}'
[ 7685.362199] init: Command 'setprop ro.cold_boot_done ${ro.container.disable_cold_boot}' action=ro.container.enable.container.config=true && early-init (/vendor/etc/init/init.redroid.rc:85) took 0ms and failed: cannot expand '${ro.container.disable_cold_boot}'
[ 7685.362220] init: property 'ro.container.use.sdcardfs' doesn't exist while expanding '${ro.container.use.sdcardfs}'
[ 7685.362243] init: Command 'setprop persist.sys.sdcardfs ${ro.container.use.sdcardfs}' action=ro.container.enable.container.config=true && early-init (/vendor/etc/init/init.redroid.rc:86) took 0ms and failed: cannot expand '${ro.container.use.sdcardfs}'
[ 7685.362254] init: processing action (wait_for_coldboot_done) from (<Builtin Action>:0)
[ 7685.362264] init: wait for '/dev/.coldboot_done' took 0ms
[ 7685.362280] init: processing action (MixHwrngIntoLinuxRng) from (<Builtin Action>:0)
[ 7685.362292] init: /dev/hw_random not found
[ 7685.362300] init: processing action (SetMmapRndBits) from (<Builtin Action>:0)
[ 7685.362448] init: processing action (SetKptrRestrict) from (<Builtin Action>:0)
[ 7685.362489] init: processing action (KeychordInit) from (<Builtin Action>:0)
[ 7685.362525] init: EVIOCSMASK not supported: Invalid argument
[ 7685.362550] init: processing action (console_init) from (<Builtin Action>:0)
[ 7685.362563] init: processing action (init) from (/init.rc:43)
[ 7685.362841] init: Command 'write /dev/blkio/blkio.weight 1000' action=init (/init.rc:94) took 0ms and failed: Unable to write to file '/dev/blkio/blkio.weight': open() failed: Permission denied
[ 7685.362858] init: Command 'write /dev/blkio/background/blkio.weight 500' action=init (/init.rc:95) took 0ms and failed: Unable to write to file '/dev/blkio/background/blkio.weight': open() failed: Permission denied
[ 7685.362871] init: Command 'write /dev/blkio/blkio.group_idle 0' action=init (/init.rc:96) took 0ms and failed: Unable to write to file '/dev/blkio/blkio.group_idle': open() failed: Permission denied
[ 7685.362886] init: Command 'write /dev/blkio/background/blkio.group_idle 0' action=init (/init.rc:97) took 0ms and failed: Unable to write to file '/dev/blkio/background/blkio.group_idle': open() failed: Permission denied
[ 7685.363701] init: Command 'write /dev/cpuctl/cpu.rt_runtime_us 950000' action=init (/init.rc:176) took 0ms and failed: Unable to write to file '/dev/cpuctl/cpu.rt_runtime_us': Unable to write file contents: Invalid argument
[ 7685.370583] init: starting service 'logd'...
[ 7685.372186] init: starting service 'servicemanager'...
[ 7685.373654] init: starting service 'hwservicemanager'...
[ 7685.374957] init: starting service 'vndservicemanager'...
[ 7685.375704] init: Created socket '/dev/socket/logd', mode 666, user 1036, group 1036
[ 7685.375827] init: Created socket '/dev/socket/logdr', mode 666, user 1036, group 1036
[ 7685.375918] init: Created socket '/dev/socket/logdw', mode 222, user 1036, group 1036
[ 7685.375959] init: Opened file '/proc/kmsg', flags 0
[ 7685.376036] init: Opened file '/dev/kmsg', flags 1
[ 7685.377313] init: processing action (init) from (/vendor/etc/init/hw/init.rk30board.rc:33)
[ 7685.377923] init: processing action (init) from (/vendor/etc/init/hw/init.rockchip.rc:23)
[ 7685.378747] init: processing action (init) from (/vendor/etc/init/hw/init.rk30board.environment.rc:1)
[ 7685.378834] init: processing action (init) from (/vendor/etc/init/hw/init.rk3588.rc:68)
[ 7685.381402] logd.auditd: start
[ 7685.391818] init: Command 'write /sys/block/zram0/comp_algorithm lz4' action=init (/vendor/etc/init/hw/init.rk3588.rc:71) took 12ms and failed: Unable to write to file '/sys/block/zram0/comp_algorithm': Unable to write file contents: Invalid argument
[ 7685.392186] init: processing action (init) from (/system/etc/init/audioserver.rc:20)
[ 7685.392220] init: processing action (init) from (/vendor/etc/init/init.redroid.rc:61)
[ 7685.393144] init: processing action (StartBoringSslSelfTest) from (<Builtin Action>:0)
[ 7685.393708] init: processing action (MixHwrngIntoLinuxRng) from (<Builtin Action>:0)
[ 7685.393726] init: /dev/hw_random not found
[ 7685.393735] init: processing action (InitBinder) from (<Builtin Action>:0)
[ 7685.393822] init: processing action (late-init) from (/init.rc:316)
[ 7685.393838] init: processing action (late-init) from (/system/etc/init/atrace.rc:3)
[ 7685.394993] init: processing action (queue_property_triggers) from (<Builtin Action>:0)
[ 7685.395006] init: processing action (early-fs) from (/init.rc:349)
[ 7685.395038] init: starting service 'vold'...
[ 7685.395744] init: processing action (fs) from (/vendor/etc/init/hw/init.mount_all.rc:3)
[ 7685.396829] init: Parsing file /product/etc/init...
[ 7685.396842] init: Unable to read config file '/product/etc/init': open() failed: No such file or directory
[ 7685.396851] init: Parsing file /product_services/etc/init...
[ 7685.396863] init: Unable to read config file '/product_services/etc/init': open() failed: No such file or directory
[ 7685.396869] init: Parsing file /odm/etc/init...
[ 7685.396875] init: Unable to read config file '/odm/etc/init': open() failed: No such file or directory
[ 7685.396895] init: processing action (fs) from (/system/etc/init/logd.rc:27)
[ 7685.396944] init: processing action (fs) from (/system/etc/init/wifi-events.rc:17)
[ 7685.396964] init: processing action (post-fs) from (/init.rc:353)
[ 7685.396998] init: starting service 'exec 3 (/system/bin/vdc checkpoint markBootAttempt)'...
[ 7685.397554] init: SVC_EXEC service 'exec 3 (/system/bin/vdc checkpoint markBootAttempt)' pid 39 (uid 1000 gid 1000+0 context default) started; waiting...
[ 7685.403270] init: Untracked pid 36 exited with status 0
[ 7685.417487] init: Service 'exec 3 (/system/bin/vdc checkpoint markBootAttempt)' (pid 39) exited with status 0 waiting took 0.020000 seconds
[ 7685.417501] init: Sending signal 9 to service 'exec 3 (/system/bin/vdc checkpoint markBootAttempt)' (pid 39) process group...
[ 7685.417556] libprocessgroup: Successfully killed process cgroup uid 1000 pid 39 in 0ms
[ 7685.418527] init: processing action (post-fs) from (/vendor/etc/init/hw/init.rk30board.rc:9)
[ 7685.418936] init: processing action (post-fs) from (/vendor/etc/init/hw/init.rockchip.rc:40)
[ 7685.419242] init: processing action (post-fs) from (/system/etc/init/gsid.rc:6)
[ 7685.419324] init: processing action (late-fs) from (/init.rc:410)
[ 7685.419391] init: starting service 'vendor.keymaster-3-0'...
[ 7685.421728] init: processing action (late-fs) from (/vendor/etc/init/hw/init.mount_all.rc:6)
[ 7685.421905] init: Command 'start hwcomposer-2-1' action=late-fs (/vendor/etc/init/hw/init.mount_all.rc:9) took 0ms and failed: service hwcomposer-2-1 not found
[ 7685.421944] init: Command 'start gralloc-2-0' action=late-fs (/vendor/etc/init/hw/init.mount_all.rc:10) took 0ms and failed: service gralloc-2-0 not found
[ 7685.422178] init: starting service 'surfaceflinger'...
[ 7685.424909] init: starting service 'bootanim'...
[ 7685.425684] init: Failed to bind socket 'pdx/system/vr/display/client': No such file or directory
[ 7685.425761] init: Failed to bind socket 'pdx/system/vr/display/manager': No such file or directory
[ 7685.425871] init: Failed to bind socket 'pdx/system/vr/display/vsync': No such file or directory
[ 7685.428766] init: processing action (post-fs-data) from (/init.rc:418)
[ 7685.428815] init: starting service 'exec 4 (/system/bin/vdc checkpoint prepareCheckpoint)'...
[ 7685.429471] init: SVC_EXEC service 'exec 4 (/system/bin/vdc checkpoint prepareCheckpoint)' pid 47 (uid 1000 gid 1000+0 context default) started; waiting...
[ 7685.438540] init: Service 'exec 4 (/system/bin/vdc checkpoint prepareCheckpoint)' (pid 47) exited with status 0 waiting took 0.009000 seconds
[ 7685.438555] init: Sending signal 9 to service 'exec 4 (/system/bin/vdc checkpoint prepareCheckpoint)' (pid 47) process group...
[ 7685.438614] libprocessgroup: Successfully killed process cgroup uid 1000 pid 47 in 0ms
[ 7685.438880] init: starting service 'exec 5 (/system/bin/fsverity_init)'...
[ 7685.439710] init: SVC_EXEC service 'exec 5 (/system/bin/fsverity_init)' pid 48 (uid 0 gid 0+0 context default) started; waiting...
[ 7685.484396] init: Service 'exec 5 (/system/bin/fsverity_init)' (pid 48) exited with status 0 waiting took 0.044000 seconds
[ 7685.484410] init: Sending signal 9 to service 'exec 5 (/system/bin/fsverity_init)' (pid 48) process group...
[ 7685.484463] libprocessgroup: Successfully killed process cgroup uid 0 pid 48 in 0ms
[ 7685.484566] init: Switched to default mount namespace
[ 7685.484633] init: Received control message 'interface_start' for 'android.hardware.graphics.composer@2.1::IComposer/default' from pid: 29 (/system/bin/hwservicemanager)
[ 7685.484643] init: Could not find 'android.hardware.graphics.composer@2.1::IComposer/default' for ctl.interface_start
[ 7685.484735] init: Received control message 'interface_start' for 'android.hardware.graphics.composer@2.1::IComposer/default' from pid: 29 (/system/bin/hwservicemanager)
[ 7685.484741] init: Could not find 'android.hardware.graphics.composer@2.1::IComposer/default' for ctl.interface_start
[ 7685.484829] init: starting service 'apexd'...
[ 7685.512577] apexd: Marking APEXd as starting
[ 7685.512686] apexd: Scanning /system/apex for embedded keys
[ 7685.513017] apexd: Scanning /product/apex for embedded keys
[ 7685.513028] apexd: ... does not exist. Skipping
[ 7685.513033] apexd: Populating APEX database from mounts...
[ 7685.513083] apexd: Failed to walk /product/apex : Can't open /product/apex for reading : No such file or directory
[ 7685.513274] apexd: Found "/apex/com.android.tzdata@299900000"
[ 7685.513318] apexd: Found "/apex/com.android.runtime@1"
[ 7685.513347] apexd: 2 packages restored.
[ 7685.513361] apexd: Scanning /data/apex/sessions looking for sessions to be activated.
[ 7685.513395] apexd: Scanning /data/apex/active looking for APEX packages.
[ 7685.513479] apexd: Activated 0 packages. Skipped: 0
[ 7685.513486] apexd: Scanning /system/apex looking for APEX packages.
[ 7685.513563] apexd: Found /system/apex/com.android.conscrypt
[ 7685.513604] apexd: Creating mount point: /apex/com.android.conscrypt@299900000
[ 7685.513648] apexd: Successfully bind-mounted flattened package /system/apex/com.android.conscrypt on /apex/com.android.conscrypt@299900000
[ 7685.513659] apexd: Creating bind-mount for /apex/com.android.conscrypt for /apex/com.android.conscrypt@299900000
[ 7685.513667] apexd: Creating mountpoint /apex/com.android.conscrypt
[ 7685.513675] apexd: Bind-mounting /apex/com.android.conscrypt@299900000 to /apex/com.android.conscrypt
[ 7685.513709] apexd: Successfully activated /system/apex/com.android.conscrypt package_name: com.android.conscrypt version: 299900000
[ 7685.513714] apexd: Found /system/apex/com.android.media
[ 7685.513758] apexd: Creating mount point: /apex/com.android.media@290000000
[ 7685.513784] apexd: Successfully bind-mounted flattened package /system/apex/com.android.media on /apex/com.android.media@290000000
[ 7685.513792] apexd: Creating bind-mount for /apex/com.android.media for /apex/com.android.media@290000000
[ 7685.513800] apexd: Creating mountpoint /apex/com.android.media
[ 7685.513808] apexd: Bind-mounting /apex/com.android.media@290000000 to /apex/com.android.media
[ 7685.513818] apexd: Successfully activated /system/apex/com.android.media package_name: com.android.media version: 290000000
[ 7685.513822] apexd: Found /system/apex/com.android.tzdata
[ 7685.513858] apexd: Skipping activation of /system/apex/com.android.tzdata same package with higher version 299900000 is already active
[ 7685.513865] apexd: Found /system/apex/com.android.resolv
[ 7685.513901] apexd: Creating mount point: /apex/com.android.resolv@290000000
[ 7685.513931] apexd: Successfully bind-mounted flattened package /system/apex/com.android.resolv on /apex/com.android.resolv@290000000
[ 7685.513939] apexd: Creating bind-mount for /apex/com.android.resolv for /apex/com.android.resolv@290000000
[ 7685.513946] apexd: Creating mountpoint /apex/com.android.resolv
[ 7685.513954] apexd: Bind-mounting /apex/com.android.resolv@290000000 to /apex/com.android.resolv
[ 7685.513967] apexd: Successfully activated /system/apex/com.android.resolv package_name: com.android.resolv version: 290000000
[ 7685.513971] apexd: Found /system/apex/com.android.media.swcodec
[ 7685.514010] apexd: Creating mount point: /apex/com.android.media.swcodec@290000000
[ 7685.514038] apexd: Successfully bind-mounted flattened package /system/apex/com.android.media.swcodec on /apex/com.android.media.swcodec@290000000
[ 7685.514047] apexd: Creating bind-mount for /apex/com.android.media.swcodec for /apex/com.android.media.swcodec@290000000
[ 7685.514055] apexd: Creating mountpoint /apex/com.android.media.swcodec
[ 7685.514063] apexd: Bind-mounting /apex/com.android.media.swcodec@290000000 to /apex/com.android.media.swcodec
[ 7685.514073] apexd: Successfully activated /system/apex/com.android.media.swcodec package_name: com.android.media.swcodec version: 290000000
[ 7685.514077] apexd: Found /system/apex/com.android.runtime.release
[ 7685.514116] apexd: Skipping activation of /system/apex/com.android.runtime.release same package with higher version 1 is already active
[ 7685.514123] apexd: Activated 4 packages. Skipped: 2
[ 7685.514130] apexd: Scanning /product/apex looking for APEX packages.
[ 7685.514144] apexd: Failed to activate packages from /product/apex : Failed to scan /product/apex : Can't open /product/apex for reading : No such file or directory
[ 7685.514352] apexd: Marking APEXd as ready
[ 7685.514643] init: Wait for property 'apexd.status=ready' took 27ms
[ 7685.514801] init: Parsing file /apex/com.android.media.swcodec@290000000/etc/init.rc...
[ 7685.514870] init: starting service 'exec 6 (/system/bin/vdc --wait cryptfs init_user0)'...
[ 7685.515593] init: SVC_EXEC service 'exec 6 (/system/bin/vdc --wait cryptfs init_user0)' pid 66 (uid 0 gid 0+0 context default) started; waiting...
[ 7685.530170] vdc: Waited 0ms for vold
[ 7685.548217] init: Service 'exec 6 (/system/bin/vdc --wait cryptfs init_user0)' (pid 66) exited with status 0 waiting took 0.032000 seconds
[ 7685.548231] init: Sending signal 9 to service 'exec 6 (/system/bin/vdc --wait cryptfs init_user0)' (pid 66) process group...
[ 7685.548282] libprocessgroup: Successfully killed process cgroup uid 0 pid 66 in 0ms
[ 7685.548417] init: starting service 'exec 7 (/system/bin/tzdatacheck /apex/com.android.runtime/etc/tz /data/misc/zoneinfo)'...
[ 7685.549164] init: SVC_EXEC service 'exec 7 (/system/bin/tzdatacheck /apex/com.android.runtime/etc/tz /data/misc/zoneinfo)' pid 69 (uid 1000 gid 1000+0 context default) started; waiting...
[ 7685.558377] init: Service 'exec 7 (/system/bin/tzdatacheck /apex/com.android.runtime/etc/tz /data/misc/zoneinfo)' (pid 69) exited with status 0 waiting took 0.009000 seconds
[ 7685.558387] init: Sending signal 9 to service 'exec 7 (/system/bin/tzdatacheck /apex/com.android.runtime/etc/tz /data/misc/zoneinfo)' (pid 69) process group...
[ 7685.558431] libprocessgroup: Successfully killed process cgroup uid 1000 pid 69 in 0ms
[ 7685.558549] init: processing action (post-fs-data) from (/init.usb.rc:6)
[ 7685.558661] init: processing action (post-fs-data) from (/vendor/etc/init/hw/init.rk30board.rc:12)
[ 7685.559121] init: processing action (post-fs-data) from (/vendor/etc/init/hw/init.rockchip.rc:47)
[ 7685.559158] init: processing action (post-fs-data) from (/system/etc/init/art_apex_boot_integrity.rc:19)
[ 7685.559193] init: starting service 'exec 8 (/system/bin/art_apex_boot_integrity)'...
[ 7685.559812] init: SVC_EXEC service 'exec 8 (/system/bin/art_apex_boot_integrity)' pid 70 (uid 0 gid 0+0 context default) started; waiting...
[ 7685.617617] init: Service 'exec 8 (/system/bin/art_apex_boot_integrity)' (pid 70) exited with status 0 waiting took 0.057000 seconds
[ 7685.617666] init: Sending signal 9 to service 'exec 8 (/system/bin/art_apex_boot_integrity)' (pid 70) process group...
[ 7685.617779] libprocessgroup: Successfully killed process cgroup uid 0 pid 70 in 0ms
[ 7685.617963] init: processing action (post-fs-data) from (/system/etc/init/bootstat.rc:9)
[ 7685.618593] init: processing action (post-fs-data) from (/system/etc/init/gsid.rc:10)
[ 7685.618809] init: processing action (post-fs-data) from (/system/etc/init/incidentd.rc:21)
[ 7685.618884] init: processing action (post-fs-data) from (/system/etc/init/iorapd.rc:27)
[ 7685.618957] init: processing action (post-fs-data) from (/system/etc/init/perfetto.rc:67)
[ 7685.618993] init: processing action (post-fs-data) from (/system/etc/init/recovery-persist.rc:1)
[ 7685.619138] init: starting service 'exec 9 (/system/bin/recovery-persist)'...
[ 7685.620542] init: processing action (post-fs-data) from (/system/etc/init/statsd.rc:25)
[ 7685.620784] init: processing action (post-fs-data) from (/vendor/etc/init/hostapd.android.rc:9)
[ 7685.621035] init: processing action (post-fs-data) from (/vendor/etc/init/init.redroid.rc:73)
[ 7685.621115] init: starting service 'exec 10 (/vendor/bin/ipconfigstore)'...
[ 7685.621750] init: SVC_EXEC service 'exec 10 (/vendor/bin/ipconfigstore)' pid 76 (uid 1000 gid 1000+0 context default) started; waiting...
[ 7685.626503] init: Service 'exec 10 (/vendor/bin/ipconfigstore)' (pid 76) exited with status 0 waiting took 0.004000 seconds
[ 7685.626512] init: Sending signal 9 to service 'exec 10 (/vendor/bin/ipconfigstore)' (pid 76) process group...
[ 7685.626557] libprocessgroup: Successfully killed process cgroup uid 1000 pid 76 in 0ms
[ 7685.626708] init: processing action (load_persist_props_action) from (/init.rc:306)
[ 7685.626945] init: starting service 'logd-reinit'...
[ 7685.627526] init: processing action (load_persist_props_action) from (/system/etc/init/flags_health_check.rc:1)
[ 7685.627677] init: starting service 'exec 11 (/system/bin/flags_health_check BOOT_FAILURE)'...
[ 7685.628236] init: SVC_EXEC service 'exec 11 (/system/bin/flags_health_check BOOT_FAILURE)' pid 78 (uid 1000 gid 1000+0 context default) started; waiting...
[ 7685.632988] logd.daemon: reinit
[ 7685.635533] init: Service 'exec 9 (/system/bin/recovery-persist)' (pid 75) exited with status 0
[ 7685.635541] init: Sending signal 9 to service 'exec 9 (/system/bin/recovery-persist)' (pid 75) process group...
[ 7685.635588] libprocessgroup: Successfully killed process cgroup uid 1000 pid 75 in 0ms
[ 7685.635671] init: Service 'logd-reinit' (pid 77) exited with status 0
[ 7685.635675] init: Sending signal 9 to service 'logd-reinit' (pid 77) process group...
[ 7685.635697] libprocessgroup: Successfully killed process cgroup uid 1036 pid 77 in 0ms
[ 7685.636070] init: Service 'exec 11 (/system/bin/flags_health_check BOOT_FAILURE)' (pid 78) exited with status 0 waiting took 0.007000 seconds
[ 7685.636091] init: Sending signal 9 to service 'exec 11 (/system/bin/flags_health_check BOOT_FAILURE)' (pid 78) process group...
[ 7685.636175] libprocessgroup: Successfully killed process cgroup uid 1000 pid 78 in 0ms
[ 7685.636338] init: processing action (load_persist_props_action) from (/system/etc/init/logcatd.rc:31)
[ 7685.636421] init: processing action (ro.crypto.state=unsupported && zygote-start) from (/init.rc:637)
[ 7685.636454] init: Command 'exec_start update_verifier_nonencrypted' action=ro.crypto.state=unsupported && zygote-start (/init.rc:639) took 0ms and failed: Service not found
[ 7685.636522] init: starting service 'netd'...
[ 7685.637933] init: starting service 'zygote'...
[ 7685.638954] init: Created socket '/dev/socket/dnsproxyd', mode 660, user 0, group 3003
[ 7685.638993] init: Created socket '/dev/socket/mdns', mode 660, user 0, group 1000
[ 7685.639020] init: Created socket '/dev/socket/fwmarkd', mode 660, user 0, group 3003
[ 7685.639085] init: Created socket '/dev/socket/zygote', mode 660, user 0, group 1000
[ 7685.639122] init: Created socket '/dev/socket/usap_pool_primary', mode 660, user 0, group 1000
[ 7685.639367] init: starting service 'zygote_secondary'...
[ 7685.640645] init: processing action (zygote-start) from (/vendor/etc/init/hw/init.connectivity.rc:2)
[ 7685.641007] init: Created socket '/dev/socket/zygote_secondary', mode 660, user 0, group 1000
[ 7685.641123] init: Created socket '/dev/socket/usap_pool_secondary', mode 660, user 0, group 1000
[ 7685.641724] init: processing action (zygote-start) from (/system/etc/init/bootstat.rc:72)
[ 7685.641765] init: starting service 'exec 12 (/system/bin/bootstat --set_system_boot_reason)'...
[ 7685.642393] init: processing action (firmware_mounts_complete) from (/init.rc:312)
[ 7685.642414] init: processing action (early-boot) from (/system/etc/init/installd.rc:5)
[ 7685.642727] init: processing action (boot) from (/init.rc:651)
[ 7685.642937] init: property 'dev.mnt.blk.data' doesn't exist while expanding '/sys/fs/f2fs/${dev.mnt.blk.data}/cp_interval'
[ 7685.642954] init: Command 'write /sys/fs/f2fs/${dev.mnt.blk.data}/cp_interval 200' action=boot (/init.rc:684) took 0ms and failed: cannot expand '/sys/fs/f2fs/${dev.mnt.blk.data}/cp_interval'
[ 7685.642963] init: property 'dev.mnt.blk.data' doesn't exist while expanding '/sys/fs/f2fs/${dev.mnt.blk.data}/gc_urgent_sleep_time'
[ 7685.642971] init: Command 'write /sys/fs/f2fs/${dev.mnt.blk.data}/gc_urgent_sleep_time 50' action=boot (/init.rc:685) took 0ms and failed: cannot expand '/sys/fs/f2fs/${dev.mnt.blk.data}/gc_urgent_sleep_time'
[ 7685.642981] init: property 'dev.mnt.blk.data' doesn't exist while expanding '/sys/devices/virtual/block/${dev.mnt.blk.data}/queue/discard_max_bytes'
[ 7685.642993] init: Command 'write /sys/devices/virtual/block/${dev.mnt.blk.data}/queue/discard_max_bytes 134217728' action=boot (/init.rc:690) took 0ms and failed: cannot expand '/sys/devices/virtual/block/${dev.mnt.blk.data}/queue/discard_max_bytes'
[ 7685.643413] init: starting service 'hidl_memory'...
[ 7685.644001] init: starting service 'system_suspend'...
[ 7685.644613] init: starting service 'vendor.audio-hal-2-0'...
[ 7685.645271] init: starting service 'vendor.cas-hal-1-1'...
[ 7685.645955] init: starting service 'vendor.drm-hal-1-0'...
[ 7685.646651] init: starting service 'vendor.drm-clearkey-hal-1-2'...
[ 7685.647320] init: starting service 'vendor.gnss_service'...
[ 7685.659241] init: starting service 'vendor.gralloc-3-0'...
[ 7685.659988] init: starting service 'vendor.hwcomposer-2-1'...
[ 7685.660666] init: starting service 'health-hal-2-0'...
[ 7685.661264] init: Opened file '/dev/kmsg', flags 1
[ 7685.661323] init: starting service 'vendor.light-hal-2-0'...
[ 7685.661879] init: starting service 'vendor.power-hal-1-0'...
[ 7685.664610] init: starting service 'vendor.radio-config-hal-1-0'...
[ 7685.665245] init: starting service 'vendor.sensors-hal-1-0'...
[ 7685.665939] init: starting service 'vendor.wifi_hal_legacy'...
[ 7685.666586] init: starting service 'vendor.outputmanager-1-0'...
[ 7685.667245] init: starting service 'vendor.rockit-hal-1-0'...
[ 7685.667958] init: Could not start service 'displayd' as part of class 'core': Cannot find '/system/bin/displayd': No such file or directory
[ 7685.667987] init: starting service 'ashmemd'...
[ 7685.670402] init: starting service 'audioserver'...
[ 7685.671007] init: starting service 'gpu'...
[ 7685.671662] init: starting service 'lmkd'...
[ 7685.673414] init: Created socket '/dev/socket/lmkd', mode 660, user 1000, group 1000
[ 7685.691633] init: processing action (boot) from (/init.usb.rc:21)
[ 7685.691677] init: processing action (persist.sys.usb.config=* && boot) from (/init.usb.rc:102)
[ 7685.691692] init: processing action (boot) from (/vendor/etc/init/hw/init.rk30board.rc:42)
[ 7685.697675] init: Service 'exec 12 (/system/bin/bootstat --set_system_boot_reason)' (pid 82) exited with status 0
[ 7685.697690] init: Sending signal 9 to service 'exec 12 (/system/bin/bootstat --set_system_boot_reason)' (pid 82) process group...
[ 7685.697745] libprocessgroup: Successfully killed process cgroup uid 1000 pid 82 in 0ms
[ 7685.698595] init: processing action (boot) from (/vendor/etc/init/hw/init.rockchip.rc:54)
[ 7685.698830] init: processing action (boot) from (/vendor/etc/init/hw/init.rk3588.rc:47)
[ 7685.699044] init: Command 'write /dev/cpuset/foreground/cpuset.cpus 0-7' action=boot (/vendor/etc/init/hw/init.rk3588.rc:52) took 0ms and failed: Unable to write to file '/dev/cpuset/foreground/cpuset.cpus': Unable to write file contents: Permission denied
[ 7685.699689] init: Command 'write /dev/cpuset/background/cpuset.cpus 0-7' action=boot (/vendor/etc/init/hw/init.rk3588.rc:54) took 0ms and failed: Unable to write to file '/dev/cpuset/background/cpuset.cpus': Unable to write file contents: Permission denied
[ 7685.699737] init: Command 'write /dev/cpuset/system-background/cpuset.cpus 0-7' action=boot (/vendor/etc/init/hw/init.rk3588.rc:55) took 0ms and failed: Unable to write to file '/dev/cpuset/system-background/cpuset.cpus': Unable to write file contents: Permission denied
[ 7685.699778] init: Command 'write /dev/cpuset/top-app/cpuset.cpus 0-7' action=boot (/vendor/etc/init/hw/init.rk3588.rc:56) took 0ms and failed: Unable to write to file '/dev/cpuset/top-app/cpuset.cpus': Unable to write file contents: Permission denied
[ 7685.699821] init: Command 'write /sys/kernel/debug/sched_features NO_ENERGY_AWARE' action=boot (/vendor/etc/init/hw/init.rk3588.rc:59) took 0ms and failed: Unable to write to file '/sys/kernel/debug/sched_features': Unable to write file contents: Invalid argument
[ 7685.699930] init: processing action (boot) from (/system/etc/init/bootstat.rc:63)
[ 7685.699954] init: processing action (boot) from (/system/etc/init/dumpstate.rc:1)
[ 7685.699983] init: processing action (boot) from (/system/etc/init/gsid.rc:14)
[ 7685.700019] init: starting service 'exec 13 (/system/bin/gsid run-startup-tasks)'...
[ 7685.700752] init: processing action (boot) from (/system/etc/init/s9.boot.rc:1)
[ 7685.700787] init: starting service 'exec 14 (/system/bin/sh -c /system/bin/script.sh false)'...
[ 7685.701477] init: SVC_EXEC service 'exec 14 (/system/bin/sh -c /system/bin/script.sh false)' pid 108 (uid 0 gid 0+0 context root) started; waiting...
[ 7685.716930] init: Service 'exec 13 (/system/bin/gsid run-startup-tasks)' (pid 107) exited with status 0
[ 7685.716945] init: Sending signal 9 to service 'exec 13 (/system/bin/gsid run-startup-tasks)' (pid 107) process group...
[ 7685.717003] libprocessgroup: Successfully killed process cgroup uid 0 pid 107 in 0ms
[ 7685.766805] healthd: No battery devices found
[ 7685.767375] healthd: battery none chg=
[ 7685.774898] init: Service 'exec 14 (/system/bin/sh -c /system/bin/script.sh false)' (pid 108) exited with status 1 waiting took 0.073000 seconds
[ 7685.774911] init: Sending signal 9 to service 'exec 14 (/system/bin/sh -c /system/bin/script.sh false)' (pid 108) process group...
[ 7685.774960] libprocessgroup: Successfully killed process cgroup uid 0 pid 108 in 0ms
[ 7685.775044] init: processing action (enable_property_trigger) from (<Builtin Action>:0)
[ 7685.775139] init: processing action (security.perf_harden=1) from (/init.rc:828)
[ 7685.775172] init: processing action (sys.usb.config=none && sys.usb.configfs=0) from (/init.usb.rc:25)
[ 7685.775226] init: processing action (ro.iorapd.enable=false) from (/system/etc/init/iorapd.rc:24)
[ 7685.775238] init: processing action (logd.logpersistd=logcatd && logd.logpersistd.enable=true) from (/system/etc/init/logcatd.rc:34)
[ 7685.775353] init: starting service 'logcatd'...
[ 7685.776122] init: processing action (nonencrypted) from (/init.rc:766)
[ 7685.776156] init: Could not start service 'flash_recovery' as part of class 'main': Cannot find '/system/bin/install-recovery.sh': No such file or directory
[ 7685.776169] init: Could not start service 'bplus_helper' as part of class 'main': Cannot find '/system/bin/bplus_helper': No such file or directory
[ 7685.776186] init: starting service 'up_eth0'...
[ 7685.776914] init: Could not start service 'rk_store_keybox' as part of class 'main': Cannot find '/vendor/bin/rk_store_keybox': No such file or directory
[ 7685.776945] init: starting service 'bpfloader'...
[ 7685.777663] init: starting service 'cameraserver'...
[ 7685.778491] init: starting service 'drm'...
[ 7685.779146] init: couldn't write 142 to /dev/cpuset/camera-daemon/tasks: No such file or directory
[ 7685.779183] init: starting service 'idmap2d'...
[ 7685.779799] init: starting service 'incidentd'...
[ 7685.780413] init: starting service 's9su'...
[ 7685.781007] init: starting service 'script_guard'...
[ 7685.781655] init: starting service 'daemonssh'...
[ 7685.782263] init: starting service 'installd'...
[ 7685.782954] init: starting service 'keystore'...
[ 7685.783640] init: starting service 'mediadrm'...
[ 7685.784304] init: starting service 'mediaextractor'...
[ 7685.784944] init: starting service 'mediametrics'...
[ 7685.785696] init: starting service 'media'...
[ 7685.786319] init: starting service 'statsd'...
[ 7685.786924] init: starting service 'storaged'...
[ 7685.787456] init: starting service 'wificond'...
[ 7685.787477] init: Failed to open file '/d/mmc0/mmc0:0001/ext_csd': No such file or directory
[ 7685.787708] init: Created socket '/dev/socket/statsdw', mode 222, user 1066, group 1066
[ 7685.788067] init: starting service 'vendor.media.omx'...
[ 7685.788608] init: starting service 'rockchip.drmservice'...
[ 7685.789512] init: starting service 'vendor.ril-daemon'...
[ 7685.790129] init: starting service 'media.swcodec'...
[ 7685.790723] init: starting service 'gatekeeperd'...
[ 7685.791272] init: starting service 'tombstoned'...
[ 7685.791855] init: starting service 'usbd'...
[ 7685.792281] init: Created socket '/dev/socket/tombstoned_crash', mode 666, user 1000, group 1000
[ 7685.792322] init: Created socket '/dev/socket/tombstoned_intercept', mode 666, user 1000, group 1000
[ 7685.792353] init: Created socket '/dev/socket/tombstoned_java_trace', mode 666, user 1000, group 1000
[ 7685.799383] init: processing action (nonencrypted) from (/init.rc:766)
[ 7685.799520] init: processing action (init.svc.adbd=stopped) from (/vendor/etc/init/hw/init.rk30board.usb.rc:97)
[ 7685.805393] init: processing action (init.svc.adbd=stopped) from (/init.usb.configfs.rc:14)
[ 7685.814262] init: Service 'usbd' (pid 169) exited with status 0
[ 7685.814276] init: Sending signal 9 to service 'usbd' (pid 169) process group...
[ 7685.814357] libprocessgroup: Successfully killed process cgroup uid 0 pid 169 in 0ms
[ 7685.854881] init: Service 'up_eth0' (pid 140) exited with status 0
[ 7685.854897] init: Sending signal 9 to service 'up_eth0' (pid 140) process group...
[ 7685.854955] libprocessgroup: Successfully killed process cgroup uid 0 pid 140 in 0ms
[ 7685.964419] init: Service 'bpfloader' (pid 141) exited with status 0
[ 7685.964435] init: Sending signal 9 to service 'bpfloader' (pid 141) process group...
[ 7685.964492] libprocessgroup: Successfully killed process cgroup uid 0 pid 141 in 0ms
[ 7685.984838] logd: logdr: UID=1036 GID=1007 PID=139 b tail=0 logMask=ff pid=0 start=1721988344057420000ns timeout=0ns
[ 7686.243821] init: Received control message 'start' for 'bootanim' from pid: 44 (/system/bin/surfaceflinger)
[ 7686.523857] init: Received control message 'start' for 'idmap2d' from pid: 269 (system_server)
[ 7686.534569] healthd: battery none chg=
[ 7686.543382] healthd: battery none chg=
[ 7686.543562] healthd: battery none chg=
[ 7686.547171] init: processing action (vendor.serialno=*) from (/vendor/etc/init/hw/init.rk30board.rc:273)
[ 7686.547279] init: property 'vendor.serialno' doesn't exist while expanding '${vendor.serialno}'
[ 7686.547321] init: Command 'setprop ro.serialno ${vendor.serialno}' action=vendor.serialno=* (/vendor/etc/init/hw/init.rk30board.rc:274) took 0ms and failed: cannot expand '${vendor.serialno}'
[ 7686.547406] init: starting service 'adbd'...
[ 7686.548487] init: Service 'rockchip.drmservice' (pid 164) exited with status 0
[ 7686.548501] init: Sending signal 9 to service 'rockchip.drmservice' (pid 164) process group...
[ 7686.548565] libprocessgroup: Successfully killed process cgroup uid 0 pid 164 in 0ms
[ 7686.549041] init: Created socket '/dev/socket/adbd', mode 660, user 1000, group 1000
[ 7686.572897] init: Received control message 'start' for 'mdnsd' from pid: 364 (/system/bin/adbd --root_seclabel=u:r:su:s0)
[ 7686.572940] init: starting service 'mdnsd'...
[ 7686.573891] init: Created socket '/dev/socket/mdnsd', mode 660, user 1020, group 3003
[ 7686.618130] init: processing action (sys.sysctl.extra_free_kbytes=*) from (/init.rc:815)
[ 7687.046191] overlayfs: upperdir is in-use as upperdir/workdir of another mount, accessing files from both mounts will result in undefined behavior.
[ 7687.046221] overlayfs: workdir is in-use as upperdir/workdir of another mount, accessing files from both mounts will result in undefined behavior.
[ 7687.086507] healthd: battery none chg=
[ 7687.093708] overlayfs: upperdir is in-use as upperdir/workdir of another mount, accessing files from both mounts will result in undefined behavior.
[ 7687.093720] overlayfs: workdir is in-use as upperdir/workdir of another mount, accessing files from both mounts will result in undefined behavior.
[ 7687.138386] cma: cma_alloc: cma: alloc failed, req-size: 8 pages, ret: -12
[ 7687.138477] cma: cma_alloc: cma: alloc failed, req-size: 8 pages, ret: -12
[ 7687.138542] cma: cma_alloc: cma: alloc failed, req-size: 8 pages, ret: -12
[ 7687.138621] cma: cma_alloc: cma: alloc failed, req-size: 8 pages, ret: -12
[ 7687.139161] cma: cma_alloc: cma: alloc failed, req-size: 8 pages, ret: -12
[ 7687.177744] cma: cma_alloc: cma: alloc failed, req-size: 8 pages, ret: -12
[ 7687.177827] cma: cma_alloc: cma: alloc failed, req-size: 8 pages, ret: -12
[ 7687.177888] cma: cma_alloc: cma: alloc failed, req-size: 8 pages, ret: -12
[ 7687.177933] cma: cma_alloc: cma: alloc failed, req-size: 8 pages, ret: -12
[ 7687.178055] cma: cma_alloc: cma: alloc failed, req-size: 8 pages, ret: -12
[ 7687.179278] cma: cma_alloc: cma: alloc failed, req-size: 8 pages, ret: -12
[ 7687.179446] cma: cma_alloc: cma: alloc failed, req-size: 8 pages, ret: -12
[ 7687.179534] cma: cma_alloc: cma: alloc failed, req-size: 8 pages, ret: -12
[ 7687.181853] cma: cma_alloc: cma: alloc failed, req-size: 8 pages, ret: -12
[ 7687.182969] cma: cma_alloc: cma: alloc failed, req-size: 8 pages, ret: -12
[ 7687.183123] cma: cma_alloc: cma: alloc failed, req-size: 8 pages, ret: -12
[ 7687.183185] cma: cma_alloc: cma: alloc failed, req-size: 8 pages, ret: -12
[ 7687.184055] cma: cma_alloc: cma: alloc failed, req-size: 8 pages, ret: -12
[ 7687.185654] cma: cma_alloc: cma: alloc failed, req-size: 8 pages, ret: -12
[ 7687.191070] cma: cma_alloc: cma: alloc failed, req-size: 8 pages, ret: -12
[ 7687.191666] cma: cma_alloc: cma: alloc failed, req-size: 8 pages, ret: -12
[ 7687.218347] cma: cma_alloc: cma: alloc failed, req-size: 8 pages, ret: -12
[ 7687.218464] cma: cma_alloc: cma: alloc failed, req-size: 8 pages, ret: -12
[ 7687.218557] cma: cma_alloc: cma: alloc failed, req-size: 8 pages, ret: -12
[ 7687.218610] cma: cma_alloc: cma: alloc failed, req-size: 8 pages, ret: -12
[ 7687.219093] cma: cma_alloc: cma: alloc failed, req-size: 8 pages, ret: -12
[ 7687.222375] cma: cma_alloc: cma: alloc failed, req-size: 8 pages, ret: -12
[ 7687.223691] cma: cma_alloc: cma: alloc failed, req-size: 8 pages, ret: -12
[ 7687.223915] cma: cma_alloc: cma: alloc failed, req-size: 8 pages, ret: -12
[ 7687.223988] cma: cma_alloc: cma: alloc failed, req-size: 8 pages, ret: -12
[ 7687.224042] cma: cma_alloc: cma: alloc failed, req-size: 8 pages, ret: -12
[ 7687.224083] cma: cma_alloc: cma: alloc failed, req-size: 8 pages, ret: -12
[ 7687.224290] cma: cma_alloc: cma: alloc failed, req-size: 8 pages, ret: -12
[ 7687.225800] cma: cma_alloc: cma: alloc failed, req-size: 8 pages, ret: -12
[ 7687.227090] cma: cma_alloc: cma: alloc failed, req-size: 8 pages, ret: -12
[ 7687.232686] cma: cma_alloc: cma: alloc failed, req-size: 8 pages, ret: -12
[ 7687.233491] cma: cma_alloc: cma: alloc failed, req-size: 4 pages, ret: -12
[ 7687.235096] cma: cma_alloc: cma: alloc failed, req-size: 4 pages, ret: -12
[ 7687.238349] cma: cma_alloc: cma: alloc failed, req-size: 4 pages, ret: -12
[ 7687.252431] cma: cma_alloc: cma: alloc failed, req-size: 8 pages, ret: -12
[ 7687.252529] cma: cma_alloc: cma: alloc failed, req-size: 8 pages, ret: -12
[ 7687.252579] cma: cma_alloc: cma: alloc failed, req-size: 8 pages, ret: -12
[ 7687.252640] cma: cma_alloc: cma: alloc failed, req-size: 8 pages, ret: -12
[ 7687.252791] cma: cma_alloc: cma: alloc failed, req-size: 8 pages, ret: -12
[ 7687.253257] cma: cma_alloc: cma: alloc failed, req-size: 8 pages, ret: -12
[ 7687.253529] cma: cma_alloc: cma: alloc failed, req-size: 8 pages, ret: -12
[ 7687.253607] cma: cma_alloc: cma: alloc failed, req-size: 8 pages, ret: -12
[ 7687.253655] cma: cma_alloc: cma: alloc failed, req-size: 8 pages, ret: -12
[ 7687.253986] cma: cma_alloc: cma: alloc failed, req-size: 8 pages, ret: -12
[ 7687.255749] cma: cma_alloc: cma: alloc failed, req-size: 8 pages, ret: -12
[ 7687.256355] cma: cma_alloc: cma: alloc failed, req-size: 8 pages, ret: -12
[ 7687.256919] cma: cma_alloc: cma: alloc failed, req-size: 8 pages, ret: -12
[ 7687.258049] cma: cma_alloc: cma: alloc failed, req-size: 4 pages, ret: -12
[ 7687.258347] cma: cma_alloc: cma: alloc failed, req-size: 8 pages, ret: -12
[ 7687.259270] cma: cma_alloc: cma: alloc failed, req-size: 8 pages, ret: -12
[ 7687.259570] cma: cma_alloc: cma: alloc failed, req-size: 4 pages, ret: -12
[ 7687.260854] cma: cma_alloc: cma: alloc failed, req-size: 4 pages, ret: -12
[ 7687.261181] cma: cma_alloc: cma: alloc failed, req-size: 4 pages, ret: -12
[ 7687.261431] cma: cma_alloc: cma: alloc failed, req-size: 4 pages, ret: -12
[ 7687.262271] cma: cma_alloc: cma: alloc failed, req-size: 4 pages, ret: -12
[ 7687.291155] cma: cma_alloc: cma: alloc failed, req-size: 8 pages, ret: -12
[ 7687.291338] cma: cma_alloc: cma: alloc failed, req-size: 8 pages, ret: -12
[ 7687.291470] cma: cma_alloc: cma: alloc failed, req-size: 8 pages, ret: -12
[ 7687.291582] cma: cma_alloc: cma: alloc failed, req-size: 8 pages, ret: -12
[ 7687.291823] cma: cma_alloc: cma: alloc failed, req-size: 8 pages, ret: -12
[ 7687.295259] cma: cma_alloc: cma: alloc failed, req-size: 8 pages, ret: -12
[ 7687.299995] cma: cma_alloc: cma: alloc failed, req-size: 4 pages, ret: -12
[ 7687.304165] cma: cma_alloc: cma: alloc failed, req-size: 4 pages, ret: -12
[ 7687.307839] cma: cma_alloc: cma: alloc failed, req-size: 4 pages, ret: -12
[ 7687.336436] cma: cma_alloc: cma: alloc failed, req-size: 8 pages, ret: -12
[ 7687.336552] cma: cma_alloc: cma: alloc failed, req-size: 8 pages, ret: -12
[ 7687.336659] cma: cma_alloc: cma: alloc failed, req-size: 8 pages, ret: -12
[ 7687.336719] cma: cma_alloc: cma: alloc failed, req-size: 8 pages, ret: -12
[ 7687.337099] cma: cma_alloc: cma: alloc failed, req-size: 8 pages, ret: -12
[ 7687.339323] cma: cma_alloc: cma: alloc failed, req-size: 8 pages, ret: -12
[ 7687.340002] cma: cma_alloc: cma: alloc failed, req-size: 8 pages, ret: -12
[ 7687.341350] cma: cma_alloc: cma: alloc failed, req-size: 4 pages, ret: -12
[ 7687.342757] cma: cma_alloc: cma: alloc failed, req-size: 4 pages, ret: -12
[ 7687.384185] cma: cma_alloc: cma: alloc failed, req-size: 8 pages, ret: -12
[ 7687.384283] cma: cma_alloc: cma: alloc failed, req-size: 8 pages, ret: -12
[ 7687.384338] cma: cma_alloc: cma: alloc failed, req-size: 8 pages, ret: -12
[ 7687.384390] cma: cma_alloc: cma: alloc failed, req-size: 8 pages, ret: -12
[ 7687.384908] cma: cma_alloc: cma: alloc failed, req-size: 8 pages, ret: -12
[ 7687.389406] cma: cma_alloc: cma: alloc failed, req-size: 8 pages, ret: -12
[ 7687.390196] cma: cma_alloc: cma: alloc failed, req-size: 8 pages, ret: -12
[ 7687.396624] cma: cma_alloc: cma: alloc failed, req-size: 4 pages, ret: -12
[ 7687.403147] cma: cma_alloc: cma: alloc failed, req-size: 4 pages, ret: -12
[ 7687.403523] cma: cma_alloc: cma: alloc failed, req-size: 4 pages, ret: -12
[ 7687.404085] cma: cma_alloc: cma: alloc failed, req-size: 4 pages, ret: -12
[ 7687.470133] init: processing action (sys.sysctl.tcp_def_init_rwnd=*) from (/init.rc:819)
[ 7687.800717] init: Service 'bootanim' (pid 45) exited with status 0
[ 7687.800731] init: Sending signal 9 to service 'bootanim' (pid 45) process group...
[ 7687.800794] libprocessgroup: Successfully killed process cgroup uid 1003 pid 45 in 0ms
[ 7687.966080] init: processing action (sys.boot_completed=1) from (/init.rc:806)
[ 7687.966152] init: starting service 'exec 15 (/bin/rm -rf /data/per_boot)'...
[ 7687.966899] init: SVC_EXEC service 'exec 15 (/bin/rm -rf /data/per_boot)' pid 877 (uid 1000 gid 1000+0 context default) started; waiting...
[ 7688.006208] init: Service 'exec 15 (/bin/rm -rf /data/per_boot)' (pid 877) exited with status 0 waiting took 0.039000 seconds
[ 7688.006223] init: Sending signal 9 to service 'exec 15 (/bin/rm -rf /data/per_boot)' (pid 877) process group...
[ 7688.006275] libprocessgroup: Successfully killed process cgroup uid 1000 pid 877 in 0ms
[ 7688.006446] init: processing action (sys.boot_completed=1) from (/vendor/etc/init/hw/init.rk30board.rc:233)
[ 7688.010959] init: processing action (sys.boot_completed=1) from (/vendor/etc/init/hw/init.rk3588.rc:1)
[ 7688.219368] init: Command 'write /sys/devices/system/cpu/cpufreq/policy0/scaling_governor schedutil' action=sys.boot_completed=1 (/vendor/etc/init/hw/init.rk3588.rc:18) took 206ms and succeeded
[ 7688.219975] init: processing action (sys.boot_completed=1 && sys.logbootcomplete=1) from (/system/etc/init/bootstat.rc:78)
[ 7688.220033] init: starting service 'exec 16 (/system/bin/bootstat --record_boot_complete --record_boot_reason --record_time_since_factory_reset -l)'...
[ 7688.220811] init: processing action (sys.boot_completed=1) from (/system/etc/init/flags_health_check.rc:7)
[ 7688.224258] init: processing action (s9.adbd.auto_start=0 && sys.boot_completed=1) from (/system/etc/init/init.adbd.rc:4)
[ 7688.224275] init: Sending signal 9 to service 'adbd' (pid 364) process group...
[ 7688.229455] libprocessgroup: Successfully killed process cgroup uid 0 pid 364 in 5ms
[ 7688.229565] init: Service 'adbd' (pid 364) received signal 9
[ 7688.229669] init: processing action (sys.boot_completed=1) from (/system/etc/init/logd.rc:32)
[ 7688.229708] init: starting service 'logd-auditctl'...
[ 7688.230661] init: processing action (sys.boot_completed=1) from (/system/etc/init/s9.boot.rc:4)
[ 7688.230709] init: starting service 'exec 17 (/system/bin/sh -c /system/bin/script.sh true)'...
[ 7688.231603] init: SVC_EXEC service 'exec 17 (/system/bin/sh -c /system/bin/script.sh true)' pid 983 (uid 0 gid 0+0 context root) started; waiting...
[ 7688.237739] init: Service 'logd-auditctl' (pid 982) exited with status 0
[ 7688.237756] init: Sending signal 9 to service 'logd-auditctl' (pid 982) process group...
[ 7688.237818] libprocessgroup: Successfully killed process cgroup uid 1036 pid 982 in 0ms
[ 7688.239943] init: Service 'exec 16 (/system/bin/bootstat --record_boot_complete --record_boot_reason --record_time_since_factory_reset -l)' (pid 980) exited with status 0
[ 7688.239961] init: Sending signal 9 to service 'exec 16 (/system/bin/bootstat --record_boot_complete --record_boot_reason --record_time_since_factory_reset -l)' (pid 980) process group...
[ 7688.240040] libprocessgroup: Successfully killed process cgroup uid 1000 pid 980 in 0ms
[ 7688.334154] init: Service 'exec 17 (/system/bin/sh -c /system/bin/script.sh true)' (pid 983) exited with status 1 waiting took 0.102000 seconds
[ 7688.334170] init: Sending signal 9 to service 'exec 17 (/system/bin/sh -c /system/bin/script.sh true)' (pid 983) process group...
[ 7688.334235] libprocessgroup: Successfully killed process cgroup uid 0 pid 983 in 0ms
[ 7688.334323] init: processing action (sys.boot_completed=1 && sys.wifitracing.started=0) from (/system/etc/init/wifi-events.rc:20)
[ 7688.411998] init: processing action (persist.sys.zram_enabled=1 && sys-boot-completed-set) from (/vendor/etc/init/hw/init.rk30board.rc:247)
[ 7688.412315] zram: Cannot change disksize for initialized device
[ 7688.425954] mkswap: mkswap: xwrite: Text file busy
[ 7688.426480] mkswap: mkswap terminated by exit(1)

[ 7688.426570] init: [libfs_mgr]swapon failed for /dev/block/zram0
[ 7688.426599] init: Command 'swapon_all /vendor/etc/fstab.${ro.hardware}' action=persist.sys.zram_enabled=1 && sys-boot-completed-set (/vendor/etc/init/hw/init.rk30board.rc:248) took 14ms and failed: fs_mgr_swapon_all() failed
[ 7688.426786] init: processing action (init.svc.adbd=stopped) from (/vendor/etc/init/hw/init.rk30board.usb.rc:97)
[ 7688.426931] init: processing action (init.svc.adbd=stopped) from (/init.usb.configfs.rc:14)
[ 7692.091465] init: processing action (sys.usb.config=none && sys.usb.configfs=0) from (/init.usb.rc:25)
[ 7692.091738] init: processing action (init.svc.adbd=stopped) from (/vendor/etc/init/hw/init.rk30board.usb.rc:97)
[ 7692.092033] init: processing action (init.svc.adbd=stopped) from (/init.usb.configfs.rc:14)
[ 7693.096584] init: processing action (sys.usb.config=none && sys.usb.configfs=0) from (/init.usb.rc:25)
[ 7693.096746] init: processing action (init.svc.adbd=stopped) from (/vendor/etc/init/hw/init.rk30board.usb.rc:97)
[ 7693.096901] init: processing action (init.svc.adbd=stopped) from (/init.usb.configfs.rc:14)
[ 7694.101647] init: processing action (sys.usb.config=none && sys.usb.configfs=0) from (/init.usb.rc:25)
[ 7694.102987] init: processing action (init.svc.adbd=stopped) from (/vendor/etc/init/hw/init.rk30board.usb.rc:97)
[ 7694.103408] init: processing action (init.svc.adbd=stopped) from (/init.usb.configfs.rc:14)
[ 7694.161305] init: Async property child exited with status 0
[ 7694.166876] init: Async property child exited with status 0
[ 7694.170783] init: Async property child exited with status 0
[ 7694.302866] overlayfs: upperdir is in-use as upperdir/workdir of another mount, accessing files from both mounts will result in undefined behavior.
[ 7694.302900] overlayfs: workdir is in-use as upperdir/workdir of another mount, accessing files from both mounts will result in undefined behavior.
[ 7694.316593] overlayfs: upperdir is in-use as upperdir/workdir of another mount, accessing files from both mounts will result in undefined behavior.
[ 7694.316627] overlayfs: workdir is in-use as upperdir/workdir of another mount, accessing files from both mounts will result in undefined behavior.
[ 7695.118499] init: Received control message 'start' for 'adbd' from pid: 1250 (start adbd)
[ 7695.118655] init: starting service 'adbd'...
[ 7695.122240] init: Created socket '/dev/socket/adbd', mode 660, user 1000, group 1000
[ 7696.541946] init: Received control message 'stop' for 'idmap2d' from pid: 269 (system_server)
[ 7696.541967] init: Sending signal 9 to service 'idmap2d' (pid 144) process group...
[ 7696.547192] libprocessgroup: Successfully killed process cgroup uid 1000 pid 144 in 5ms
[ 7696.547621] init: Service 'idmap2d' (pid 144) received signal 9
[ 7697.846657] apexd: Can't open /product/apex for reading : No such file or directory
[ 7698.575826] overlayfs: upperdir is in-use as upperdir/workdir of another mount, accessing files from both mounts will result in undefined behavior.
[ 7698.575855] overlayfs: workdir is in-use as upperdir/workdir of another mount, accessing files from both mounts will result in undefined behavior.
[ 7699.602248] overlayfs: upperdir is in-use as upperdir/workdir of another mount, accessing files from both mounts will result in undefined behavior.
[ 7699.602294] overlayfs: workdir is in-use as upperdir/workdir of another mount, accessing files from both mounts will result in undefined behavior.
[ 7701.564692] init: Received control message 'start' for 'adbd' from pid: 1568 (start adbd)
[ 7702.462189] init: Received control message 'start' for 'adbd' from pid: 1590 (start adbd)
[ 7703.222420] init: Received control message 'start' for 'adbd' from pid: 1613 (start adbd)
[ 7704.857572] overlayfs: upperdir is in-use as upperdir/workdir of another mount, accessing files from both mounts will result in undefined behavior.
[ 7704.857602] overlayfs: workdir is in-use as upperdir/workdir of another mount, accessing files from both mounts will result in undefined behavior.
[ 7704.879959] init: Received control message 'start' for 'gsid' from pid: 269 (system_server)
[ 7704.880008] init: starting service 'gsid'...
[ 7704.946756] init: Received control message 'stop' for 'gsid' from pid: 269 (system_server)
[ 7704.946826] init: Sending signal 9 to service 'gsid' (pid 1663) process group...
[ 7704.952185] libprocessgroup: Successfully killed process cgroup uid 0 pid 1663 in 5ms
[ 7704.952768] init: Service 'gsid' (pid 1663) received signal 9
[ 7713.181144] binder_alloc: 52641: binder_alloc_buf size 1056768 failed, no address space
[ 7713.181154] binder_alloc: allocated: 4480 (num: 11 largest: 3872), free: 1035904 (num: 3 largest: 1035696)
[ 7713.181158] binder: 52778:54262 transaction failed 29201/-28, size 1056768-0 line 3325
[ 7714.338015] init: Received control message 'start' for 'adbd' from pid: 2206 (start adbd)
[ 7718.461676] overlayfs: upperdir is in-use as upperdir/workdir of another mount, accessing files from both mounts will result in undefined behavior.
[ 7718.461714] overlayfs: workdir is in-use as upperdir/workdir of another mount, accessing files from both mounts will result in undefined behavior.
^C
root@antdock:~# ^C
root@antdock:~# ^C
root@antdock:~# 